PRT1
334
984
4 0 81 (2304 1024 0 ) (2304 1024 -320 ) (2432 1024 -320 ) (2432 1024 0 ) 
4 0 80 (2432 1024 -320 ) (3008 1024 -320 ) (3008 1024 0 ) (2432 1024 0 ) 
4 0 78 (2304 1024 128 ) (2304 1024 0 ) (2432 1024 0 ) (2432 1024 128 ) 
4 0 77 (2432 1024 0 ) (3008 1024 0 ) (3008 1024 128 ) (2432 1024 128 ) 
4 0 76 (2304 1024 192 ) (2304 1024 128 ) (2432 1024 128 ) (2432 1024 192 ) 
4 0 75 (2432 1024 1024 ) (2304 1024 1024 ) (2304 1024 192 ) (2432 1024 192 ) 
4 0 74 (3008 1024 1024 ) (2432 1024 1024 ) (2432 1024 128 ) (3008 1024 128 ) 
4 0 6 (2304 1280 -320 ) (2304 1024 -320 ) (2304 1024 0 ) (2304 1280 0 ) 
4 0 3 (2304 1024 192 ) (2304 1024 1024 ) (2304 1152 1024 ) (2304 1152 192 ) 
4 0 2 (2304 1152 1024 ) (2304 1280 1024 ) (2304 1280 192 ) (2304 1152 192 ) 
4 0 1 (2304 1984 -320 ) (2304 1280 -320 ) (2304 1280 1024 ) (2304 1984 1024 ) 
4 1 38 (2048 1984 -64 ) (2048 1984 -320 ) (2048 1280 -320 ) (2048 1280 -64 ) 
4 1 32 (2048 1408 -64 ) (2048 1280 -64 ) (2048 1280 -32 ) (2048 1408 -32 ) 
4 1 31 (2048 1984 -32 ) (2048 1984 -64 ) (2048 1408 -64 ) (2048 1408 -32 ) 
4 1 24 (2048 1408 -32 ) (2048 1280 -32 ) (2048 1280 0 ) (2048 1408 0 ) 
4 1 23 (2048 1984 0 ) (2048 1984 -32 ) (2048 1408 -32 ) (2048 1408 0 ) 
4 1 16 (2048 1536 0 ) (2048 1280 0 ) (2048 1280 128 ) (2048 1536 128 ) 
4 1 15 (2048 1984 128 ) (2048 1984 0 ) (2048 1536 0 ) (2048 1536 128 ) 
4 1 10 (2048 1984 192 ) (2048 1984 128 ) (2048 1280 128 ) (2048 1280 192 ) 
4 1 9 (2048 1280 1024 ) (2048 1984 1024 ) (2048 1984 192 ) (2048 1280 192 ) 
4 1 7 (2048 1280 -320 ) (2176 1280 -320 ) (2176 1280 0 ) (2048 1280 0 ) 
4 1 6 (2176 1280 -320 ) (2304 1280 -320 ) (2304 1280 0 ) (2176 1280 0 ) 
4 1 4 (2176 1280 1024 ) (2048 1280 1024 ) (2048 1280 192 ) (2176 1280 192 ) 
4 1 2 (2304 1280 192 ) (2304 1280 1024 ) (2176 1280 1024 ) (2176 1280 192 ) 
4 2 4 (2176 1280 1024 ) (2176 1280 192 ) (2176 1152 192 ) (2176 1152 1024 ) 
4 2 3 (2176 1152 1024 ) (2176 1152 192 ) (2304 1152 192 ) (2304 1152 1024 ) 
4 3 84 (2304 1024 1024 ) (2176 1024 1024 ) (2176 1024 192 ) (2304 1024 192 ) 
4 3 5 (2176 1024 192 ) (2176 1024 1024 ) (2176 1152 1024 ) (2176 1152 192 ) 
4 4 9 (2048 1152 1024 ) (2048 1280 1024 ) (2048 1280 192 ) (2048 1152 192 ) 
4 4 5 (2176 1152 192 ) (2176 1152 1024 ) (2048 1152 1024 ) (2048 1152 192 ) 
4 5 99 (2048 1024 192 ) (2048 1024 0 ) (2176 1024 0 ) (2176 1024 192 ) 
4 5 84 (2176 1024 1024 ) (2048 1024 1024 ) (2048 1024 192 ) (2176 1024 192 ) 
4 5 17 (2048 1024 0 ) (2048 1024 128 ) (2048 1152 128 ) (2048 1152 0 ) 
4 5 11 (2048 1024 128 ) (2048 1024 192 ) (2048 1152 192 ) (2048 1152 128 ) 
4 5 9 (2048 1024 192 ) (2048 1024 1024 ) (2048 1152 1024 ) (2048 1152 192 ) 
4 6 109 (2176 1024 -320 ) (2304 1024 -320 ) (2304 1024 -64 ) (2176 1024 -64 ) 
4 6 108 (2304 1024 -64 ) (2304 1024 0 ) (2176 1024 0 ) (2176 1024 -64 ) 
4 6 8 (2176 1152 -64 ) (2176 1152 -320 ) (2176 1024 -320 ) (2176 1024 -64 ) 
4 6 7 (2176 1152 0 ) (2176 1280 0 ) (2176 1280 -320 ) (2176 1152 -320 ) 
4 7 38 (2048 1280 -64 ) (2048 1280 -320 ) (2048 1152 -320 ) (2048 1152 -64 ) 
4 7 34 (2048 1280 -32 ) (2048 1280 -64 ) (2048 1152 -64 ) (2048 1152 -32 ) 
4 7 26 (2048 1152 0 ) (2048 1280 0 ) (2048 1280 -32 ) (2048 1152 -32 ) 
4 7 8 (2048 1152 -320 ) (2176 1152 -320 ) (2176 1152 -64 ) (2048 1152 -64 ) 
4 8 109 (2048 1024 -64 ) (2048 1024 -320 ) (2176 1024 -320 ) (2176 1024 -64 ) 
4 8 38 (2048 1024 -320 ) (2048 1024 -64 ) (2048 1152 -64 ) (2048 1152 -320 ) 
4 9 125 (2048 1024 192 ) (2048 1024 1024 ) (1024 1024 1024 ) (1024 1024 192 ) 
4 9 44 (1024 1024 192 ) (1024 1024 1024 ) (1024 1408 1024 ) (1024 1408 192 ) 
4 9 42 (1024 1408 1024 ) (1024 1536 1024 ) (1024 1536 192 ) (1024 1408 192 ) 
4 9 41 (1024 1536 1024 ) (1024 1984 1024 ) (1024 1984 192 ) (1024 1536 192 ) 
4 9 13 (1536 1408 192 ) (1536 1984 192 ) (1664 1984 192 ) (1664 1408 192 ) 
4 9 12 (1792 1024 192 ) (1664 1024 192 ) (1664 1984 192 ) (1792 1984 192 ) 
4 9 14 (1536 1024 192 ) (1024 1024 192 ) (1024 1984 192 ) (1536 1984 192 ) 
4 9 11 (2048 1024 192 ) (1920 1024 192 ) (1920 1152 192 ) (2048 1152 192 ) 
4 9 10 (1792 1280 192 ) (1792 1984 192 ) (2048 1984 192 ) (2048 1280 192 ) 
4 10 18 (1792 1408 128 ) (1792 1536 128 ) (1920 1536 128 ) (1920 1408 128 ) 
4 10 16 (2048 1536 128 ) (2048 1280 128 ) (1920 1280 128 ) (1920 1536 128 ) 
4 10 15 (2048 1984 128 ) (2048 1536 128 ) (1792 1536 128 ) (1792 1984 128 ) 
4 10 12 (1792 1984 128 ) (1792 1280 128 ) (1792 1280 192 ) (1792 1984 192 ) 
4 11 126 (2048 1024 128 ) (2048 1024 192 ) (1920 1024 192 ) (1920 1024 128 ) 
4 11 17 (2048 1152 128 ) (2048 1024 128 ) (1920 1024 128 ) (1920 1152 128 ) 
4 12 127 (1792 1024 192 ) (1664 1024 192 ) (1664 1024 128 ) (1792 1024 128 ) 
4 12 19 (1792 1280 128 ) (1792 1024 128 ) (1664 1024 128 ) (1664 1280 128 ) 
4 12 15 (1792 1984 128 ) (1792 1536 128 ) (1664 1536 128 ) (1664 1984 128 ) 
4 12 13 (1664 1984 192 ) (1664 1984 128 ) (1664 1408 128 ) (1664 1408 192 ) 
4 13 15 (1536 1536 128 ) (1536 1984 128 ) (1664 1984 128 ) (1664 1536 128 ) 
4 13 14 (1536 1984 192 ) (1536 1984 128 ) (1536 1408 128 ) (1536 1408 192 ) 
4 14 129 (1280 1024 192 ) (1152 1024 192 ) (1152 1024 128 ) (1280 1024 128 ) 
4 14 44 (1024 1024 128 ) (1024 1024 192 ) (1024 1408 192 ) (1024 1408 128 ) 
4 14 42 (1024 1408 192 ) (1024 1536 192 ) (1024 1536 128 ) (1024 1408 128 ) 
4 14 41 (1024 1536 192 ) (1024 1984 192 ) (1024 1984 128 ) (1024 1536 128 ) 
4 14 21 (1408 1024 128 ) (1280 1024 128 ) (1280 1152 128 ) (1408 1152 128 ) 
4 14 20 (1536 1024 128 ) (1408 1024 128 ) (1408 1408 128 ) (1536 1408 128 ) 
4 14 22 (1280 1024 128 ) (1024 1024 128 ) (1024 1408 128 ) (1280 1408 128 ) 
4 14 15 (1024 1536 128 ) (1024 1984 128 ) (1536 1984 128 ) (1536 1536 128 ) 
4 15 41 (1024 1536 128 ) (1024 1984 128 ) (1024 1984 0 ) (1024 1536 0 ) 
4 15 23 (1024 1536 0 ) (1024 1984 0 ) (2048 1984 0 ) (2048 1536 0 ) 
4 15 18 (1792 1536 0 ) (1920 1536 0 ) (1920 1536 128 ) (1792 1536 128 ) 
4 15 16 (1920 1536 0 ) (2048 1536 0 ) (2048 1536 128 ) (1920 1536 128 ) 
4 16 24 (1920 1280 0 ) (1920 1408 0 ) (2048 1408 0 ) (2048 1280 0 ) 
4 16 23 (1920 1408 0 ) (1920 1536 0 ) (2048 1536 0 ) (2048 1408 0 ) 
4 16 18 (1920 1536 128 ) (1920 1536 0 ) (1920 1408 0 ) (1920 1408 128 ) 
4 17 136 (2048 1024 0 ) (2048 1024 128 ) (1920 1024 128 ) (1920 1024 0 ) 
4 18 23 (1792 1408 0 ) (1792 1536 0 ) (1920 1536 0 ) (1920 1408 0 ) 
4 19 137 (1792 1024 128 ) (1664 1024 128 ) (1664 1024 0 ) (1792 1024 0 ) 
4 19 20 (1664 1280 0 ) (1664 1024 0 ) (1664 1024 128 ) (1664 1280 128 ) 
4 20 138 (1664 1024 128 ) (1408 1024 128 ) (1408 1024 0 ) (1664 1024 0 ) 
4 20 21 (1408 1152 0 ) (1408 1024 0 ) (1408 1024 128 ) (1408 1152 128 ) 
4 21 22 (1280 1152 0 ) (1280 1024 0 ) (1280 1024 128 ) (1280 1152 128 ) 
4 22 139 (1280 1024 128 ) (1024 1024 128 ) (1024 1024 0 ) (1280 1024 0 ) 
4 22 50 (1024 1024 0 ) (1024 1024 101.689011 ) (1024 1280 101.689011 ) (1024 1280 0 ) 
4 22 48 (1024 1280 101.689011 ) (1024 1408 101.689011 ) (1024 1408 0 ) (1024 1280 0 ) 
4 22 44 (1024 1024 101.689011 ) (1024 1024 128 ) (1024 1408 128 ) (1024 1408 101.689011 ) 
4 22 29 (1152 1024 0 ) (1024 1024 0 ) (1024 1280 0 ) (1152 1280 0 ) 
4 23 43 (1024 1408 0 ) (1024 1536 0 ) (1024 1536 -32 ) (1024 1408 -32 ) 
4 23 41 (1024 1536 0 ) (1024 1984 0 ) (1024 1984 -32 ) (1024 1536 -32 ) 
4 23 31 (2048 1984 -32 ) (2048 1408 -32 ) (1024 1408 -32 ) (1024 1984 -32 ) 
4 23 25 (1280 1408 -32 ) (1408 1408 -32 ) (1408 1408 0 ) (1280 1408 0 ) 
4 23 24 (1664 1408 -32 ) (2048 1408 -32 ) (2048 1408 0 ) (1664 1408 0 ) 
4 24 32 (2048 1408 -32 ) (2048 1280 -32 ) (1664 1280 -32 ) (1664 1408 -32 ) 
4 24 26 (1920 1280 -32 ) (2048 1280 -32 ) (2048 1280 0 ) (1920 1280 0 ) 
4 24 27 (1792 1280 -32 ) (1920 1280 -32 ) (1920 1280 0 ) (1792 1280 0 ) 
4 25 33 (1408 1280 -32 ) (1280 1280 -32 ) (1280 1408 -32 ) (1408 1408 -32 ) 
4 25 28 (1280 1280 -32 ) (1408 1280 -32 ) (1408 1280 0 ) (1280 1280 0 ) 
4 26 34 (2048 1280 -32 ) (2048 1152 -32 ) (1920 1152 -32 ) (1920 1280 -32 ) 
4 26 27 (1920 1280 0 ) (1920 1280 -32 ) (1920 1152 -32 ) (1920 1152 0 ) 
4 27 180 (1920 1024 0 ) (1792 1024 0 ) (1792 1024 -32 ) (1920 1024 -32 ) 
4 27 35 (1920 1024 -32 ) (1792 1024 -32 ) (1792 1280 -32 ) (1920 1280 -32 ) 
4 28 36 (1280 1152 -32 ) (1280 1280 -32 ) (1408 1280 -32 ) (1408 1152 -32 ) 
4 29 51 (1024 1024 -4 ) (1024 1024 0 ) (1024 1280 0 ) (1024 1280 -4 ) 
4 29 30 (1024 1024 -4 ) (1024 1280 -4 ) (1152 1280 -4 ) (1152 1024 -4 ) 
4 30 52 (1024 1024 -32 ) (1024 1024 -4 ) (1024 1280 -4 ) (1024 1280 -32 ) 
4 30 37 (1152 1024 -32 ) (1024 1024 -32 ) (1024 1280 -32 ) (1152 1280 -32 ) 
4 31 66 (1024 1408 -32 ) (1024 1984 -32 ) (1024 1984 -64 ) (1024 1408 -64 ) 
4 31 39 (1024 1408 -64 ) (1024 1984 -64 ) (1216 1984 -64 ) (1216 1408 -64 ) 
4 31 38 (1216 1984 -64 ) (2048 1984 -64 ) (2048 1408 -64 ) (1216 1408 -64 ) 
4 31 33 (1280 1408 -64 ) (1408 1408 -64 ) (1408 1408 -32 ) (1280 1408 -32 ) 
4 31 32 (1664 1408 -64 ) (2048 1408 -64 ) (2048 1408 -32 ) (1664 1408 -32 ) 
4 32 38 (1664 1408 -64 ) (2048 1408 -64 ) (2048 1280 -64 ) (1664 1280 -64 ) 
4 32 34 (1920 1280 -64 ) (2048 1280 -64 ) (2048 1280 -32 ) (1920 1280 -32 ) 
4 32 35 (1792 1280 -64 ) (1920 1280 -64 ) (1920 1280 -32 ) (1792 1280 -32 ) 
4 33 38 (1280 1408 -64 ) (1408 1408 -64 ) (1408 1280 -64 ) (1280 1280 -64 ) 
4 33 36 (1280 1280 -64 ) (1408 1280 -64 ) (1408 1280 -32 ) (1280 1280 -32 ) 
4 34 38 (1920 1152 -64 ) (1920 1280 -64 ) (2048 1280 -64 ) (2048 1152 -64 ) 
4 34 35 (1920 1280 -32 ) (1920 1280 -64 ) (1920 1152 -64 ) (1920 1152 -32 ) 
4 35 180 (1920 1024 -32 ) (1792 1024 -32 ) (1792 1024 -64 ) (1920 1024 -64 ) 
4 35 38 (1920 1024 -64 ) (1792 1024 -64 ) (1792 1280 -64 ) (1920 1280 -64 ) 
4 36 38 (1280 1152 -64 ) (1280 1280 -64 ) (1408 1280 -64 ) (1408 1152 -64 ) 
4 37 68 (1024 1024 -64 ) (1024 1024 -32 ) (1024 1280 -32 ) (1024 1280 -64 ) 
4 38 190 (2048 1024 -320 ) (2048 1024 -128 ) (1216 1024 -128 ) (1216 1024 -320 ) 
4 38 188 (2048 1024 -128 ) (2048 1024 -64 ) (1216 1024 -64 ) (1216 1024 -128 ) 
4 38 40 (1216 1344 -320 ) (1216 1024 -320 ) (1216 1024 -128 ) (1216 1344 -128 ) 
4 38 39 (1216 1984 -64 ) (1216 1984 -320 ) (1216 1344 -320 ) (1216 1344 -64 ) 
4 39 70 (1024 1344 -64 ) (1024 1984 -64 ) (1024 1984 -320 ) (1024 1344 -320 ) 
4 39 40 (1024 1344 -320 ) (1216 1344 -320 ) (1216 1344 -128 ) (1024 1344 -128 ) 
4 40 190 (1024 1024 -128 ) (1024 1024 -320 ) (1216 1024 -320 ) (1216 1024 -128 ) 
4 40 71 (1024 1024 -320 ) (1024 1024 -128 ) (1024 1344 -128 ) (1024 1344 -320 ) 
4 41 66 (1024 1984 -32 ) (1024 1536 -32 ) (640 1536 -32 ) (640 1984 -32 ) 
4 41 57 (640 1984 -32 ) (640 1536 -32 ) (640 1536 1024 ) (640 1984 1024 ) 
4 41 42 (1024 1536 1024 ) (640 1536 1024 ) (640 1536 128 ) (1024 1536 128 ) 
4 41 43 (640 1536 0 ) (640 1536 -32 ) (1024 1536 -32 ) (1024 1536 0 ) 
4 42 58 (640 1408 128 ) (640 1408 1024 ) (640 1536 1024 ) (640 1536 128 ) 
4 42 45 (896 1408 1024 ) (640 1408 1024 ) (640 1408 128 ) (896 1408 128 ) 
4 42 44 (1024 1408 1024 ) (896 1408 1024 ) (896 1408 128 ) (1024 1408 128 ) 
4 43 66 (1024 1536 -32 ) (1024 1408 -32 ) (640 1408 -32 ) (640 1536 -32 ) 
4 43 59 (640 1536 -32 ) (640 1408 -32 ) (640 1408 0 ) (640 1536 0 ) 
4 44 198 (1024 1024 101.689011 ) (1024 1024 128 ) (896 1024 128 ) (896 1024 101.689011 ) 
4 44 191 (1024 1024 192 ) (1024 1024 1024 ) (896 1024 1024 ) (896 1024 192 ) 
4 44 50 (1024 1280 101.689011 ) (1024 1024 101.689011 ) (896 1024 101.689011 ) (896 1280 101.689011 ) 
4 44 48 (896 1408 101.689011 ) (1024 1408 101.689011 ) (1024 1280 101.689011 ) (896 1280 101.689011 ) 
4 44 46 (896 1024 192 ) (896 1024 1024 ) (896 1152 1024 ) (896 1152 192 ) 
4 44 47 (896 1152 101.689011 ) (896 1024 101.689011 ) (896 1024 128 ) (896 1152 128 ) 
4 44 45 (896 1408 1024 ) (896 1408 101.689011 ) (896 1152 101.689011 ) (896 1152 1024 ) 
4 45 64 (640 1280 128 ) (640 1280 101.689011 ) (640 1152 101.689011 ) (640 1152 128 ) 
4 45 61 (640 1152 1024 ) (640 1280 1024 ) (640 1280 128 ) (640 1152 128 ) 
4 45 58 (640 1280 1024 ) (640 1408 1024 ) (640 1408 128 ) (640 1280 128 ) 
4 45 55 (642.419067 1221 101.689011 ) (669 1221 101.689011 ) (669 1219 101.689011 ) (642.419067 1219 101.689011 ) 
4 45 56 (640 1152 101.689011 ) (640 1219 101.689011 ) (669 1219 101.689011 ) (669 1152 101.689011 ) 
4 45 54 (669 1221 101.689011 ) (896 1221 101.689011 ) (896 1152 101.689011 ) (669 1152 101.689011 ) 
4 45 53 (642 1280 101.689011 ) (896 1280 101.689011 ) (896 1221 101.689011 ) (642 1221 101.689011 ) 
4 45 49 (640 1402 101.689011 ) (640 1408 101.689011 ) (642 1408 101.689011 ) (642 1402 101.689011 ) 
4 45 48 (642 1408 101.689011 ) (896 1408 101.689011 ) (896 1280 101.689011 ) (642 1280 101.689011 ) 
4 45 46 (896 1152 192 ) (896 1152 1024 ) (640 1152 1024 ) (640 1152 192 ) 
4 45 47 (640 1152 101.689011 ) (896 1152 101.689011 ) (896 1152 128 ) (640 1152 128 ) 
4 46 191 (896 1024 1024 ) (640 1024 1024 ) (640 1024 192 ) (896 1024 192 ) 
4 46 62 (640 1024 192 ) (640 1024 1024 ) (640 1152 1024 ) (640 1152 192 ) 
4 47 198 (640 1024 128 ) (640 1024 101.689011 ) (896 1024 101.689011 ) (896 1024 128 ) 
4 47 64 (640 1024 101.689011 ) (640 1024 128 ) (640 1152 128 ) (640 1152 101.689011 ) 
4 47 56 (640 1024 101.689011 ) (640 1152 101.689011 ) (669 1152 101.689011 ) (669 1024 101.689011 ) 
4 47 54 (669 1152 101.689011 ) (896 1152 101.689011 ) (896 1024 101.689011 ) (669 1024 101.689011 ) 
4 48 53 (896 1280 101.689011 ) (642 1280 101.689011 ) (642 1280 0 ) (896 1280 0 ) 
4 48 50 (1024 1280 101.689011 ) (896 1280 101.689011 ) (896 1280 0 ) (1024 1280 0 ) 
4 48 49 (642 1402 101.689011 ) (642 1408 101.689011 ) (642 1408 0 ) (642 1402 0 ) 
4 50 198 (1024 1024 0 ) (1024 1024 101.689011 ) (896 1024 101.689011 ) (896 1024 0 ) 
4 50 54 (896 1221 0 ) (896 1024 0 ) (896 1024 101.689011 ) (896 1221 101.689011 ) 
4 50 53 (896 1280 101.689011 ) (896 1280 0 ) (896 1221 0 ) (896 1221 101.689011 ) 
4 50 51 (896 1024 0 ) (896 1280 0 ) (1024 1280 0 ) (1024 1024 0 ) 
4 51 52 (1024 1024 -4 ) (896 1024 -4 ) (896 1280 -4 ) (1024 1280 -4 ) 
4 52 68 (1024 1280 -32 ) (1024 1024 -32 ) (896 1024 -32 ) (896 1280 -32 ) 
3 53 55 (669 1221 101.689011 ) (642.419067 1221 101.689011 ) (669 1221 82 ) 
4 53 54 (896 1221 0 ) (896 1221 101.689011 ) (669 1221 101.689011 ) (669 1221 0 ) 
4 54 198 (896 1024 101.689011 ) (669 1024 101.689011 ) (669 1024 0 ) (896 1024 0 ) 
4 54 55 (669 1221 101.689011 ) (669 1221 82 ) (669 1219 82 ) (669 1219 101.689011 ) 
4 54 56 (669 1219 0 ) (669 1024 0 ) (669 1024 101.689011 ) (669 1219 101.689011 ) 
3 55 56 (669 1219 82 ) (669 1219 101.689011 ) (642.419067 1219 101.689011 ) 
4 56 198 (669 1024 101.689011 ) (640 1024 101.689011 ) (640 1024 0 ) (669 1024 0 ) 
4 56 64 (640 1024 0 ) (640 1024 101.689011 ) (640 1219 101.689011 ) (640 1219 0 ) 
4 57 67 (512 1984 -32 ) (640 1984 -32 ) (640 1536 -32 ) (512 1536 -32 ) 
4 57 58 (512 1536 1024 ) (512 1536 128 ) (640 1536 128 ) (640 1536 1024 ) 
4 57 59 (512 1536 0 ) (512 1536 -32 ) (640 1536 -32 ) (640 1536 0 ) 
4 57 60 (512 1984 1024 ) (512 1984 -32 ) (512 1536 -32 ) (512 1536 1024 ) 
4 58 61 (640 1280 128 ) (640 1280 1024 ) (512 1280 1024 ) (512 1280 128 ) 
4 58 60 (512 1280 128 ) (512 1280 1024 ) (512 1536 1024 ) (512 1536 128 ) 
4 59 67 (640 1536 -32 ) (640 1280 -32 ) (512 1280 -32 ) (512 1536 -32 ) 
4 59 60 (512 1536 -32 ) (512 1280 -32 ) (512 1280 0 ) (512 1536 0 ) 
4 60 73 (0 1280 1024 ) (0 1984 1024 ) (0 1984 -32 ) (0 1280 -32 ) 
4 60 67 (0 1280 -32 ) (0 1984 -32 ) (512 1984 -32 ) (512 1280 -32 ) 
4 60 65 (0 1280 -32 ) (512 1280 -32 ) (512 1280 128 ) (0 1280 128 ) 
4 60 61 (512 1280 128 ) (512 1280 1024 ) (128 1280 1024 ) (128 1280 128 ) 
4 60 63 (128 1280 1024 ) (0 1280 1024 ) (0 1280 128 ) (128 1280 128 ) 
4 61 64 (512 1280 128 ) (640 1280 128 ) (640 1152 128 ) (512 1152 128 ) 
4 61 65 (128 1280 128 ) (512 1280 128 ) (512 1152 128 ) (128 1152 128 ) 
4 61 62 (128 1152 1024 ) (128 1152 192 ) (640 1152 192 ) (640 1152 1024 ) 
4 61 63 (128 1280 1024 ) (128 1280 128 ) (128 1152 128 ) (128 1152 1024 ) 
4 62 191 (640 1024 192 ) (640 1024 1024 ) (128 1024 1024 ) (128 1024 192 ) 
4 62 63 (128 1024 192 ) (128 1024 1024 ) (128 1152 1024 ) (128 1152 192 ) 
4 63 194 (0 1024 192 ) (0 1024 128 ) (128 1024 128 ) (128 1024 192 ) 
4 63 191 (0 1024 1024 ) (0 1024 192 ) (128 1024 192 ) (128 1024 1024 ) 
4 63 73 (0 1024 128 ) (0 1024 1024 ) (0 1280 1024 ) (0 1280 128 ) 
4 63 65 (0 1024 128 ) (0 1280 128 ) (128 1280 128 ) (128 1024 128 ) 
4 64 65 (512 1024 128 ) (512 1280 128 ) (512 1280 0 ) (512 1024 0 ) 
4 65 215 (128 1024 -32 ) (384 1024 -32 ) (384 1024 0 ) (128 1024 0 ) 
4 65 214 (384 1024 -32 ) (512 1024 -32 ) (512 1024 0 ) (384 1024 0 ) 
4 65 216 (0 1024 0 ) (0 1024 -32 ) (128 1024 -32 ) (128 1024 0 ) 
4 65 203 (0 1024 128 ) (0 1024 0 ) (512 1024 0 ) (512 1024 128 ) 
4 65 73 (0 1024 -32 ) (0 1024 128 ) (0 1280 128 ) (0 1280 -32 ) 
4 65 69 (0 1024 -32 ) (0 1280 -32 ) (512 1280 -32 ) (512 1024 -32 ) 
4 66 70 (832 1984 -64 ) (1024 1984 -64 ) (1024 1408 -64 ) (832 1408 -64 ) 
4 66 72 (640 1984 -64 ) (832 1984 -64 ) (832 1408 -64 ) (640 1408 -64 ) 
4 66 67 (640 1984 -32 ) (640 1984 -64 ) (640 1408 -64 ) (640 1408 -32 ) 
4 67 73 (0 1280 -32 ) (0 1984 -32 ) (0 1984 -64 ) (0 1280 -64 ) 
4 67 72 (0 1280 -64 ) (0 1984 -64 ) (640 1984 -64 ) (640 1280 -64 ) 
4 67 69 (0 1280 -64 ) (512 1280 -64 ) (512 1280 -32 ) (0 1280 -32 ) 
4 69 215 (384 1024 -32 ) (128 1024 -32 ) (128 1024 -64 ) (384 1024 -64 ) 
4 69 214 (512 1024 -32 ) (384 1024 -32 ) (384 1024 -64 ) (512 1024 -64 ) 
4 69 216 (128 1024 -32 ) (0 1024 -32 ) (0 1024 -64 ) (128 1024 -64 ) 
4 69 73 (0 1024 -64 ) (0 1024 -32 ) (0 1280 -32 ) (0 1280 -64 ) 
4 69 72 (512 1024 -64 ) (0 1024 -64 ) (0 1280 -64 ) (512 1280 -64 ) 
4 70 71 (832 1344 -128 ) (832 1344 -320 ) (1024 1344 -320 ) (1024 1344 -128 ) 
4 70 72 (832 1984 -64 ) (832 1984 -320 ) (832 1344 -320 ) (832 1344 -64 ) 
4 71 219 (1024 1024 -320 ) (1024 1024 -128 ) (832 1024 -128 ) (832 1024 -320 ) 
4 71 72 (832 1344 -320 ) (832 1024 -320 ) (832 1024 -128 ) (832 1344 -128 ) 
4 72 219 (0 1024 -128 ) (0 1024 -320 ) (832 1024 -320 ) (832 1024 -128 ) 
4 72 218 (832 1024 -64 ) (0 1024 -64 ) (0 1024 -128 ) (832 1024 -128 ) 
4 72 73 (0 1024 -320 ) (0 1024 -64 ) (0 1984 -64 ) (0 1984 -320 ) 
4 73 314 (-128 1024 1024 ) (-384 1024 1024 ) (-384 1024 -320 ) (-128 1024 -320 ) 
4 73 318 (-384 1024 1024 ) (-960 1024 1024 ) (-960 1024 -320 ) (-384 1024 -320 ) 
4 73 313 (0 1024 -320 ) (0 1024 -64 ) (-128 1024 -64 ) (-128 1024 -320 ) 
4 73 310 (0 1024 -64 ) (0 1024 0 ) (-128 1024 0 ) (-128 1024 -64 ) 
4 73 307 (0 1024 0 ) (0 1024 128 ) (-128 1024 128 ) (-128 1024 0 ) 
4 73 305 (0 1024 128 ) (0 1024 192 ) (-128 1024 192 ) (-128 1024 128 ) 
4 73 304 (0 1024 192 ) (0 1024 1024 ) (-128 1024 1024 ) (-128 1024 192 ) 
4 74 111 (2432 0 192 ) (2432 0 128 ) (3008 0 128 ) (3008 0 192 ) 
4 74 110 (3008 0 1024 ) (2432 0 1024 ) (2432 0 192 ) (3008 0 192 ) 
4 74 77 (2432 1024 128 ) (3008 1024 128 ) (3008 0 128 ) (2432 0 128 ) 
4 74 76 (2432 1024 128 ) (2432 768 128 ) (2432 768 192 ) (2432 1024 192 ) 
4 74 75 (2432 0 192 ) (2432 0 1024 ) (2432 1024 1024 ) (2432 1024 192 ) 
4 75 110 (2304 0 1024 ) (2304 0 192 ) (2432 0 192 ) (2432 0 1024 ) 
4 75 84 (2304 0 192 ) (2304 0 1024 ) (2304 1024 1024 ) (2304 1024 192 ) 
4 75 76 (2304 768 192 ) (2304 1024 192 ) (2432 1024 192 ) (2432 768 192 ) 
4 76 78 (2304 768 128 ) (2304 1024 128 ) (2432 1024 128 ) (2432 768 128 ) 
4 77 117 (3008 0 128 ) (2432 0 128 ) (2432 0 0 ) (3008 0 0 ) 
4 77 80 (3008 0 0 ) (2432 0 0 ) (2432 1024 0 ) (3008 1024 0 ) 
4 77 79 (2432 512 0 ) (2432 128 0 ) (2432 128 128 ) (2432 512 128 ) 
4 77 78 (2432 1024 0 ) (2432 768 0 ) (2432 768 128 ) (2432 1024 128 ) 
4 78 81 (2304 768 0 ) (2304 1024 0 ) (2432 1024 0 ) (2432 768 0 ) 
4 79 98 (2304 128 128 ) (2304 512 128 ) (2304 512 0 ) (2304 128 0 ) 
4 80 121 (3008 0 0 ) (2432 0 0 ) (2432 0 -320 ) (3008 0 -320 ) 
4 80 82 (2432 512 -320 ) (2432 128 -320 ) (2432 128 -64 ) (2432 512 -64 ) 
4 80 81 (2432 1024 -320 ) (2432 512 -320 ) (2432 512 0 ) (2432 1024 0 ) 
4 80 83 (2432 128 -320 ) (2432 0 -320 ) (2432 0 0 ) (2432 128 0 ) 
4 81 109 (2304 1024 -64 ) (2304 1024 -320 ) (2304 512 -320 ) (2304 512 -64 ) 
4 81 108 (2304 640 0 ) (2304 1024 0 ) (2304 1024 -64 ) (2304 640 -64 ) 
4 81 82 (2304 512 -320 ) (2432 512 -320 ) (2432 512 -64 ) (2304 512 -64 ) 
4 82 109 (2304 512 -64 ) (2304 512 -320 ) (2304 128 -320 ) (2304 128 -64 ) 
4 82 83 (2304 128 -320 ) (2432 128 -320 ) (2432 128 -64 ) (2304 128 -64 ) 
4 83 121 (2432 0 0 ) (2304 0 0 ) (2304 0 -320 ) (2432 0 -320 ) 
4 83 109 (2304 0 -320 ) (2304 0 -64 ) (2304 128 -64 ) (2304 128 -320 ) 
4 84 125 (2048 1024 1024 ) (2048 1024 192 ) (2048 0 192 ) (2048 0 1024 ) 
4 84 110 (2304 0 192 ) (2304 0 1024 ) (2048 0 1024 ) (2048 0 192 ) 
4 84 104 (2144 96 192 ) (2144 32 192 ) (2080 32 192 ) (2080 96 192 ) 
4 84 103 (2080 128 192 ) (2144 128 192 ) (2144 96 192 ) (2080 96 192 ) 
4 84 105 (2144 32 192 ) (2144 0 192 ) (2080 0 192 ) (2080 32 192 ) 
4 84 106 (2048 0 192 ) (2048 128 192 ) (2080 128 192 ) (2080 0 192 ) 
4 84 102 (2144 128 192 ) (2176 128 192 ) (2176 0 192 ) (2144 0 192 ) 
4 84 99 (2048 896 192 ) (2048 1024 192 ) (2176 1024 192 ) (2176 896 192 ) 
4 84 97 (2304 128 192 ) (2304 0 192 ) (2176 0 192 ) (2176 128 192 ) 
4 84 96 (2304 160 192 ) (2304 128 192 ) (2176 128 192 ) (2176 160 192 ) 
4 84 94 (2272 160 192 ) (2208 160 192 ) (2208 224 192 ) (2272 224 192 ) 
4 84 93 (2304 224 192 ) (2304 160 192 ) (2272 160 192 ) (2272 224 192 ) 
4 84 95 (2208 160 192 ) (2176 160 192 ) (2176 224 192 ) (2208 224 192 ) 
4 84 92 (2304 256 192 ) (2304 224 192 ) (2176 224 192 ) (2176 256 192 ) 
4 84 91 (2304 384 192 ) (2304 256 192 ) (2176 256 192 ) (2176 384 192 ) 
4 84 90 (2304 416 192 ) (2304 384 192 ) (2176 384 192 ) (2176 416 192 ) 
4 84 88 (2272 416 192 ) (2208 416 192 ) (2208 480 192 ) (2272 480 192 ) 
4 84 87 (2304 480 192 ) (2304 416 192 ) (2272 416 192 ) (2272 480 192 ) 
4 84 89 (2208 416 192 ) (2176 416 192 ) (2176 480 192 ) (2208 480 192 ) 
4 84 85 (2304 640 192 ) (2304 512 192 ) (2176 512 192 ) (2176 640 192 ) 
4 84 86 (2304 512 192 ) (2304 480 192 ) (2176 480 192 ) (2176 512 192 ) 
4 85 98 (2176 512 191 ) (2176 640 191 ) (2304 640 191 ) (2304 512 191 ) 
4 85 86 (2176 512 192 ) (2176 512 191 ) (2304 512 191 ) (2304 512 192 ) 
4 86 98 (2176 480 191 ) (2176 512 191 ) (2304 512 191 ) (2304 480 191 ) 
4 86 88 (2208 480 191 ) (2272 480 191 ) (2272 480 192 ) (2208 480 192 ) 
4 86 87 (2272 480 191 ) (2304 480 191 ) (2304 480 192 ) (2272 480 192 ) 
4 86 89 (2176 480 192 ) (2176 480 191 ) (2208 480 191 ) (2208 480 192 ) 
4 87 98 (2272 480 191 ) (2304 480 191 ) (2304 416 191 ) (2272 416 191 ) 
4 87 90 (2272 416 191 ) (2304 416 191 ) (2304 416 192 ) (2272 416 192 ) 
4 87 88 (2272 480 192 ) (2272 480 191 ) (2272 416 191 ) (2272 416 192 ) 
4 88 98 (2208 480 191 ) (2272 480 191 ) (2272 416 191 ) (2208 416 191 ) 
4 88 90 (2208 416 191 ) (2272 416 191 ) (2272 416 192 ) (2208 416 192 ) 
4 88 89 (2208 480 192 ) (2208 480 191 ) (2208 416 191 ) (2208 416 192 ) 
4 89 98 (2176 416 191 ) (2176 480 191 ) (2208 480 191 ) (2208 416 191 ) 
4 89 90 (2176 416 192 ) (2176 416 191 ) (2208 416 191 ) (2208 416 192 ) 
4 90 98 (2176 384 191 ) (2176 416 191 ) (2304 416 191 ) (2304 384 191 ) 
4 90 91 (2176 384 192 ) (2176 384 191 ) (2304 384 191 ) (2304 384 192 ) 
4 91 98 (2176 256 191 ) (2176 384 191 ) (2304 384 191 ) (2304 256 191 ) 
4 91 92 (2176 256 192 ) (2176 256 191 ) (2304 256 191 ) (2304 256 192 ) 
4 92 98 (2176 224 191 ) (2176 256 191 ) (2304 256 191 ) (2304 224 191 ) 
4 92 94 (2208 224 191 ) (2272 224 191 ) (2272 224 192 ) (2208 224 192 ) 
4 92 93 (2272 224 191 ) (2304 224 191 ) (2304 224 192 ) (2272 224 192 ) 
4 92 95 (2176 224 192 ) (2176 224 191 ) (2208 224 191 ) (2208 224 192 ) 
4 93 98 (2272 224 191 ) (2304 224 191 ) (2304 160 191 ) (2272 160 191 ) 
4 93 96 (2272 160 191 ) (2304 160 191 ) (2304 160 192 ) (2272 160 192 ) 
4 93 94 (2272 224 192 ) (2272 224 191 ) (2272 160 191 ) (2272 160 192 ) 
4 94 98 (2208 224 191 ) (2272 224 191 ) (2272 160 191 ) (2208 160 191 ) 
4 94 96 (2208 160 191 ) (2272 160 191 ) (2272 160 192 ) (2208 160 192 ) 
4 94 95 (2208 224 192 ) (2208 224 191 ) (2208 160 191 ) (2208 160 192 ) 
4 95 98 (2176 160 191 ) (2176 224 191 ) (2208 224 191 ) (2208 160 191 ) 
4 95 96 (2176 160 192 ) (2176 160 191 ) (2208 160 191 ) (2208 160 192 ) 
4 96 98 (2176 128 191 ) (2176 160 191 ) (2304 160 191 ) (2304 128 191 ) 
4 96 97 (2176 128 192 ) (2176 128 191 ) (2304 128 191 ) (2304 128 192 ) 
4 97 102 (2176 0 191 ) (2176 0 192 ) (2176 128 192 ) (2176 128 191 ) 
4 97 98 (2176 0 191 ) (2176 128 191 ) (2304 128 191 ) (2304 0 191 ) 
4 98 107 (2176 128 0 ) (2176 0 0 ) (2176 0 191 ) (2176 128 191 ) 
4 98 101 (2176 384 0 ) (2176 128 0 ) (2176 128 128 ) (2176 384 128 ) 
4 98 100 (2176 640 0 ) (2176 384 0 ) (2176 384 128 ) (2176 640 128 ) 
4 99 136 (2048 1024 128 ) (2048 1024 0 ) (2048 896 0 ) (2048 896 128 ) 
4 99 126 (2048 1024 192 ) (2048 1024 128 ) (2048 896 128 ) (2048 896 192 ) 
4 99 100 (2048 896 0 ) (2176 896 0 ) (2176 896 128 ) (2048 896 128 ) 
4 100 175 (2048 384 32 ) (2048 384 42 ) (2048 512 42 ) (2048 512 32 ) 
4 100 174 (2048 384 42 ) (2048 384 128 ) (2048 512 128 ) (2048 512 42 ) 
4 100 179 (2048 512 0 ) (2048 384 0 ) (2048 384 32 ) (2048 512 32 ) 
4 100 142 (2048 640 0 ) (2048 512 0 ) (2048 512 128 ) (2048 640 128 ) 
4 100 140 (2048 768 0 ) (2048 640 0 ) (2048 640 128 ) (2048 768 128 ) 
4 100 136 (2048 896 0 ) (2048 768 0 ) (2048 768 128 ) (2048 896 128 ) 
4 100 101 (2048 384 0 ) (2176 384 0 ) (2176 384 128 ) (2048 384 128 ) 
4 101 175 (2048 128 32 ) (2048 128 42 ) (2048 384 42 ) (2048 384 32 ) 
4 101 174 (2048 128 42 ) (2048 128 128 ) (2048 384 128 ) (2048 384 42 ) 
4 101 179 (2048 384 0 ) (2048 128 0 ) (2048 128 32 ) (2048 384 32 ) 
4 101 107 (2048 128 0 ) (2176 128 0 ) (2176 128 128 ) (2048 128 128 ) 
4 102 104 (2144 96 191 ) (2144 32 191 ) (2144 32 192 ) (2144 96 192 ) 
4 102 103 (2144 128 192 ) (2144 128 191 ) (2144 96 191 ) (2144 96 192 ) 
4 102 105 (2144 32 191 ) (2144 0 191 ) (2144 0 192 ) (2144 32 192 ) 
4 102 107 (2144 128 191 ) (2176 128 191 ) (2176 0 191 ) (2144 0 191 ) 
4 103 107 (2080 128 191 ) (2144 128 191 ) (2144 96 191 ) (2080 96 191 ) 
4 103 106 (2080 128 192 ) (2080 128 191 ) (2080 96 191 ) (2080 96 192 ) 
4 103 104 (2080 96 192 ) (2080 96 191 ) (2144 96 191 ) (2144 96 192 ) 
4 104 105 (2080 32 192 ) (2080 32 191 ) (2144 32 191 ) (2144 32 192 ) 
4 104 107 (2144 96 191 ) (2144 32 191 ) (2080 32 191 ) (2080 96 191 ) 
4 104 106 (2080 96 191 ) (2080 32 191 ) (2080 32 192 ) (2080 96 192 ) 
4 105 106 (2080 32 191 ) (2080 0 191 ) (2080 0 192 ) (2080 32 192 ) 
4 105 107 (2144 32 191 ) (2144 0 191 ) (2080 0 191 ) (2080 32 191 ) 
4 106 131 (2048 0 191 ) (2048 0 192 ) (2048 128 192 ) (2048 128 191 ) 
4 106 107 (2048 0 191 ) (2048 128 191 ) (2080 128 191 ) (2080 0 191 ) 
4 107 175 (2048 0 32 ) (2048 0 42 ) (2048 128 42 ) (2048 128 32 ) 
4 107 174 (2048 0 42 ) (2048 0 128 ) (2048 128 128 ) (2048 128 42 ) 
4 107 179 (2048 128 0 ) (2048 0 0 ) (2048 0 32 ) (2048 128 32 ) 
4 107 132 (2048 0 128 ) (2048 0 191 ) (2048 128 191 ) (2048 128 128 ) 
4 107 120 (2048 0 128 ) (2048 0 0 ) (2176 0 0 ) (2176 0 128 ) 
4 108 109 (2176 1024 -64 ) (2304 1024 -64 ) (2304 640 -64 ) (2176 640 -64 ) 
4 109 190 (2048 1024 -128 ) (2048 1024 -320 ) (2048 0 -320 ) (2048 0 -128 ) 
4 109 188 (2048 1024 -64 ) (2048 1024 -128 ) (2048 0 -128 ) (2048 0 -64 ) 
4 109 123 (2176 0 -64 ) (2048 0 -64 ) (2048 0 -320 ) (2176 0 -320 ) 
4 109 121 (2304 0 -320 ) (2304 0 -64 ) (2176 0 -64 ) (2176 0 -320 ) 
4 110 259 (2048 -1024 192 ) (2048 -1024 1024 ) (2048 -128 1024 ) (2048 -128 192 ) 
4 110 220 (2048 -128 1024 ) (2048 0 1024 ) (2048 0 192 ) (2048 -128 192 ) 
4 110 124 (3008 -1024 1024 ) (2048 -1024 1024 ) (2048 -1024 192 ) (3008 -1024 192 ) 
4 110 116 (2048 -1024 192 ) (2048 -512 192 ) (2304 -512 192 ) (2304 -1024 192 ) 
4 110 115 (2304 -384 192 ) (3008 -384 192 ) (3008 -1024 192 ) (2304 -1024 192 ) 
4 110 113 (2048 -384 192 ) (2048 -128 192 ) (2176 -128 192 ) (2176 -384 192 ) 
4 110 112 (2304 -128 192 ) (3008 -128 192 ) (3008 -384 192 ) (2304 -384 192 ) 
4 110 111 (2432 0 192 ) (3008 0 192 ) (3008 -128 192 ) (2432 -128 192 ) 
4 111 117 (2432 0 128 ) (3008 0 128 ) (3008 -128 128 ) (2432 -128 128 ) 
4 111 112 (2432 -128 128 ) (3008 -128 128 ) (3008 -128 192 ) (2432 -128 192 ) 
4 112 118 (2304 -128 128 ) (2432 -128 128 ) (2432 -384 128 ) (2304 -384 128 ) 
4 112 117 (2432 -128 128 ) (3008 -128 128 ) (3008 -384 128 ) (2432 -384 128 ) 
4 112 115 (2304 -384 128 ) (3008 -384 128 ) (3008 -384 192 ) (2304 -384 192 ) 
4 113 114 (2048 -128 191 ) (2176 -128 191 ) (2176 -384 191 ) (2048 -384 191 ) 
4 115 124 (3008 -1024 192 ) (2304 -1024 192 ) (2304 -1024 128 ) (3008 -1024 128 ) 
4 115 118 (2432 -1024 128 ) (2304 -1024 128 ) (2304 -384 128 ) (2432 -384 128 ) 
4 115 117 (3008 -1024 128 ) (2432 -1024 128 ) (2432 -384 128 ) (3008 -384 128 ) 
4 115 116 (2304 -512 128 ) (2304 -1024 128 ) (2304 -1024 192 ) (2304 -512 192 ) 
4 116 260 (2048 -1024 128 ) (2048 -1024 192 ) (2048 -512 192 ) (2048 -512 128 ) 
4 116 124 (2304 -1024 192 ) (2048 -1024 192 ) (2048 -1024 128 ) (2304 -1024 128 ) 
4 116 119 (2304 -1024 128 ) (2176 -1024 128 ) (2176 -512 128 ) (2304 -512 128 ) 
4 116 120 (2176 -1024 128 ) (2048 -1024 128 ) (2048 -512 128 ) (2176 -512 128 ) 
4 117 124 (3008 -1024 128 ) (2432 -1024 128 ) (2432 -1024 0 ) (3008 -1024 0 ) 
4 117 121 (2432 0 0 ) (3008 0 0 ) (3008 -1024 0 ) (2432 -1024 0 ) 
4 117 118 (2432 -128 0 ) (2432 -1024 0 ) (2432 -1024 128 ) (2432 -128 128 ) 
4 118 124 (2432 -1024 128 ) (2304 -1024 128 ) (2304 -1024 0 ) (2432 -1024 0 ) 
4 118 121 (2432 -128 0 ) (2432 -1024 0 ) (2304 -1024 0 ) (2304 -128 0 ) 
4 118 119 (2304 -512 0 ) (2304 -1024 0 ) (2304 -1024 128 ) (2304 -512 128 ) 
4 119 124 (2304 -1024 128 ) (2176 -1024 128 ) (2176 -1024 0 ) (2304 -1024 0 ) 
4 119 121 (2304 -512 0 ) (2304 -1024 0 ) (2176 -1024 0 ) (2176 -512 0 ) 
4 119 120 (2176 -512 0 ) (2176 -1024 0 ) (2176 -1024 128 ) (2176 -512 128 ) 
4 120 263 (2048 -1024 0 ) (2048 -1024 128 ) (2048 -256 128 ) (2048 -256 0 ) 
4 120 262 (2048 -256 128 ) (2048 -128 128 ) (2048 -128 0 ) (2048 -256 0 ) 
4 120 222 (2048 -128 128 ) (2048 0 128 ) (2048 0 0 ) (2048 -128 0 ) 
4 120 124 (2176 -1024 128 ) (2048 -1024 128 ) (2048 -1024 0 ) (2176 -1024 0 ) 
4 120 122 (2048 -1024 0 ) (2048 -512 0 ) (2176 -512 0 ) (2176 -1024 0 ) 
4 121 124 (3008 -1024 0 ) (2176 -1024 0 ) (2176 -1024 -320 ) (3008 -1024 -320 ) 
4 121 123 (2176 -1024 -320 ) (2176 -1024 -64 ) (2176 0 -64 ) (2176 0 -320 ) 
4 121 122 (2176 -1024 -64 ) (2176 -1024 0 ) (2176 -512 0 ) (2176 -512 -64 ) 
4 122 277 (2048 -768 0 ) (2048 -640 0 ) (2048 -640 -64 ) (2048 -768 -64 ) 
4 122 280 (2048 -1024 -64 ) (2048 -1024 0 ) (2048 -768 0 ) (2048 -768 -64 ) 
4 122 273 (2048 -640 0 ) (2048 -512 0 ) (2048 -512 -64 ) (2048 -640 -64 ) 
4 122 124 (2176 -1024 -64 ) (2176 -1024 0 ) (2048 -1024 0 ) (2048 -1024 -64 ) 
4 122 123 (2048 -1024 -64 ) (2048 -512 -64 ) (2176 -512 -64 ) (2176 -1024 -64 ) 
4 123 281 (2048 -1024 -320 ) (2048 -1024 -64 ) (2048 -128 -64 ) (2048 -128 -320 ) 
4 123 258 (2048 -128 -64 ) (2048 0 -64 ) (2048 0 -320 ) (2048 -128 -320 ) 
4 123 124 (2176 -1024 -320 ) (2176 -1024 -64 ) (2048 -1024 -64 ) (2048 -1024 -320 ) 
4 124 326 (2048 -1024 128 ) (2048 -1024 -320 ) (2048 -1984 -320 ) (2048 -1984 128 ) 
4 124 325 (2048 -1280 128 ) (2048 -1984 128 ) (2048 -1984 192 ) (2048 -1280 192 ) 
4 124 324 (2048 -1024 192 ) (2048 -1024 128 ) (2048 -1280 128 ) (2048 -1280 192 ) 
4 124 323 (2048 -1984 1024 ) (2048 -1024 1024 ) (2048 -1024 192 ) (2048 -1984 192 ) 
4 125 220 (2048 0 192 ) (2048 0 1024 ) (1024 0 1024 ) (1024 0 192 ) 
4 125 191 (1024 1024 1024 ) (1024 1024 192 ) (1024 0 192 ) (1024 0 1024 ) 
4 125 135 (1024 128 192 ) (1024 256 192 ) (1152 256 192 ) (1152 128 192 ) 
4 125 134 (1280 640 192 ) (1408 640 192 ) (1408 512 192 ) (1280 512 192 ) 
4 125 131 (2048 0 192 ) (1792 0 192 ) (1792 128 192 ) (2048 128 192 ) 
4 125 133 (1792 0 192 ) (1408 0 192 ) (1408 128 192 ) (1792 128 192 ) 
4 125 130 (1408 384 192 ) (1408 640 192 ) (1920 640 192 ) (1920 384 192 ) 
4 125 128 (1792 896 192 ) (1792 768 192 ) (1280 768 192 ) (1280 896 192 ) 
4 125 127 (1664 1024 192 ) (1792 1024 192 ) (1792 896 192 ) (1664 896 192 ) 
4 125 129 (1152 640 192 ) (1152 1024 192 ) (1280 1024 192 ) (1280 640 192 ) 
4 125 126 (1920 1024 192 ) (2048 1024 192 ) (2048 896 192 ) (1920 896 192 ) 
4 126 136 (1920 1024 128 ) (2048 1024 128 ) (2048 896 128 ) (1920 896 128 ) 
4 127 137 (1664 1024 128 ) (1792 1024 128 ) (1792 896 128 ) (1664 896 128 ) 
4 127 128 (1664 896 128 ) (1792 896 128 ) (1792 896 192 ) (1664 896 192 ) 
4 128 138 (1664 768 128 ) (1408 768 128 ) (1408 896 128 ) (1664 896 128 ) 
4 128 129 (1280 896 128 ) (1280 768 128 ) (1280 768 192 ) (1280 896 192 ) 
4 129 141 (1280 768 128 ) (1280 640 128 ) (1152 640 128 ) (1152 768 128 ) 
4 129 139 (1152 1024 128 ) (1280 1024 128 ) (1280 768 128 ) (1152 768 128 ) 
4 130 174 (1920 384 128 ) (1408 384 128 ) (1408 512 128 ) (1920 512 128 ) 
4 130 170 (1420 640 128 ) (1432 640 128 ) (1432 512 128 ) (1420 512 128 ) 
4 130 168 (1432 640 128 ) (1444 640 128 ) (1444 512 128 ) (1432 512 128 ) 
4 130 166 (1444 640 128 ) (1456 640 128 ) (1456 512 128 ) (1444 512 128 ) 
4 130 164 (1456 640 128 ) (1468 640 128 ) (1468 512 128 ) (1456 512 128 ) 
4 130 162 (1468 640 128 ) (1480 640 128 ) (1480 512 128 ) (1468 512 128 ) 
4 130 160 (1480 640 128 ) (1492 640 128 ) (1492 512 128 ) (1480 512 128 ) 
4 130 158 (1492 640 128 ) (1504 640 128 ) (1504 512 128 ) (1492 512 128 ) 
4 130 156 (1504 640 128 ) (1516 640 128 ) (1516 512 128 ) (1504 512 128 ) 
4 130 154 (1516 640 128 ) (1528 640 128 ) (1528 512 128 ) (1516 512 128 ) 
4 130 152 (1528 640 128 ) (1540 640 128 ) (1540 512 128 ) (1528 512 128 ) 
4 130 150 (1540 640 128 ) (1552 640 128 ) (1552 512 128 ) (1540 512 128 ) 
4 130 148 (1552 640 128 ) (1564 640 128 ) (1564 512 128 ) (1552 512 128 ) 
4 130 146 (1564 640 128 ) (1576 640 128 ) (1576 512 128 ) (1564 512 128 ) 
4 130 144 (1576 640 128 ) (1588 640 128 ) (1588 512 128 ) (1576 512 128 ) 
4 130 143 (1588 640 128 ) (1600 640 128 ) (1600 512 128 ) (1588 512 128 ) 
4 130 142 (1600 640 128 ) (1920 640 128 ) (1920 512 128 ) (1600 512 128 ) 
4 130 134 (1408 640 192 ) (1408 640 128 ) (1408 512 128 ) (1408 512 192 ) 
4 131 133 (1792 128 192 ) (1792 128 191 ) (1792 0 191 ) (1792 0 192 ) 
4 131 132 (2048 0 191 ) (1792 0 191 ) (1792 128 191 ) (2048 128 191 ) 
4 132 174 (2048 128 128 ) (2048 0 128 ) (1792 0 128 ) (1792 128 128 ) 
4 132 133 (1792 128 191 ) (1792 128 128 ) (1792 0 128 ) (1792 0 191 ) 
4 133 221 (1664 0 192 ) (1408 0 192 ) (1408 0 128 ) (1664 0 128 ) 
4 133 174 (1792 0 128 ) (1408 0 128 ) (1408 128 128 ) (1792 128 128 ) 
4 135 197 (1024 256 128 ) (1024 128 128 ) (1024 128 192 ) (1024 256 192 ) 
4 135 174 (1024 128 128 ) (1024 256 128 ) (1152 256 128 ) (1152 128 128 ) 
4 136 140 (1920 768 0 ) (2048 768 0 ) (2048 768 128 ) (1920 768 128 ) 
4 137 138 (1664 1024 0 ) (1664 896 0 ) (1664 896 128 ) (1664 1024 128 ) 
4 139 198 (1024 1024 128 ) (1024 1024 0 ) (1024 768 0 ) (1024 768 128 ) 
4 139 141 (1024 768 0 ) (1280 768 0 ) (1280 768 128 ) (1024 768 128 ) 
4 140 142 (1792 640 0 ) (2048 640 0 ) (2048 640 128 ) (1792 640 128 ) 
4 141 204 (1024 768 0 ) (1024 640 0 ) (1024 640 128 ) (1024 768 128 ) 
4 141 173 (1152 640 0 ) (1280 640 0 ) (1280 640 128 ) (1152 640 128 ) 
4 142 175 (2048 512 32 ) (2048 512 42 ) (1600 512 42 ) (1600 512 32 ) 
4 142 174 (2048 512 42 ) (2048 512 128 ) (1600 512 128 ) (1600 512 42 ) 
4 142 179 (1600 512 0 ) (2048 512 0 ) (2048 512 32 ) (1600 512 32 ) 
4 142 143 (1600 640 128 ) (1600 640 8 ) (1600 512 8 ) (1600 512 128 ) 
4 143 175 (1600 512 32 ) (1600 512 42 ) (1588 512 42 ) (1588 512 32 ) 
4 143 174 (1600 512 42 ) (1600 512 128 ) (1588 512 128 ) (1588 512 42 ) 
4 143 179 (1600 512 8 ) (1600 512 32 ) (1588 512 32 ) (1588 512 8 ) 
4 143 144 (1588 640 128 ) (1588 640 16 ) (1588 512 16 ) (1588 512 128 ) 
4 144 175 (1588 512 32 ) (1588 512 42 ) (1576 512 42 ) (1576 512 32 ) 
4 144 174 (1588 512 42 ) (1588 512 128 ) (1576 512 128 ) (1576 512 42 ) 
4 144 179 (1588 512 16 ) (1588 512 32 ) (1576 512 32 ) (1576 512 16 ) 
4 144 146 (1576 640 128 ) (1576 640 24 ) (1576 512 24 ) (1576 512 128 ) 
4 145 179 (1576 512 0 ) (1588 512 0 ) (1588 512 8 ) (1576 512 8 ) 
4 145 147 (1576 640 8 ) (1576 640 0 ) (1576 512 0 ) (1576 512 8 ) 
4 146 175 (1576 512 32 ) (1576 512 42 ) (1564 512 42 ) (1564 512 32 ) 
4 146 174 (1576 512 42 ) (1576 512 128 ) (1564 512 128 ) (1564 512 42 ) 
4 146 179 (1576 512 24 ) (1576 512 32 ) (1564 512 32 ) (1564 512 24 ) 
4 146 148 (1564 640 128 ) (1564 640 32 ) (1564 512 32 ) (1564 512 128 ) 
4 147 179 (1564 512 0 ) (1576 512 0 ) (1576 512 16 ) (1564 512 16 ) 
4 147 149 (1564 640 16 ) (1564 640 0 ) (1564 512 0 ) (1564 512 16 ) 
4 148 175 (1564 512 32 ) (1564 512 42 ) (1552 512 42 ) (1552 512 32 ) 
4 148 174 (1564 512 42 ) (1564 512 128 ) (1552 512 128 ) (1552 512 42 ) 
4 148 150 (1552 640 128 ) (1552 640 40 ) (1552 512 40 ) (1552 512 128 ) 
4 149 179 (1552 512 0 ) (1564 512 0 ) (1564 512 24 ) (1552 512 24 ) 
4 149 151 (1552 640 24 ) (1552 640 0 ) (1552 512 0 ) (1552 512 24 ) 
4 150 175 (1552 512 40 ) (1552 512 42 ) (1540 512 42 ) (1540 512 40 ) 
4 150 174 (1552 512 42 ) (1552 512 128 ) (1540 512 128 ) (1540 512 42 ) 
4 150 152 (1540 640 128 ) (1540 640 48 ) (1540 512 48 ) (1540 512 128 ) 
4 151 179 (1540 512 0 ) (1552 512 0 ) (1552 512 32 ) (1540 512 32 ) 
4 151 153 (1540 640 32 ) (1540 640 0 ) (1540 512 0 ) (1540 512 32 ) 
4 152 174 (1540 512 48 ) (1540 512 128 ) (1528 512 128 ) (1528 512 48 ) 
4 152 154 (1528 640 128 ) (1528 640 56 ) (1528 512 56 ) (1528 512 128 ) 
4 153 175 (1540 512 32 ) (1540 512 40 ) (1528 512 40 ) (1528 512 32 ) 
4 153 179 (1528 512 0 ) (1540 512 0 ) (1540 512 32 ) (1528 512 32 ) 
4 153 155 (1528 640 40 ) (1528 640 0 ) (1528 512 0 ) (1528 512 40 ) 
4 154 174 (1528 512 56 ) (1528 512 128 ) (1516 512 128 ) (1516 512 56 ) 
4 154 156 (1516 640 128 ) (1516 640 64 ) (1516 512 64 ) (1516 512 128 ) 
4 155 175 (1528 512 32 ) (1528 512 42 ) (1516 512 42 ) (1516 512 32 ) 
4 155 174 (1528 512 42 ) (1528 512 48 ) (1516 512 48 ) (1516 512 42 ) 
4 155 179 (1516 512 0 ) (1528 512 0 ) (1528 512 32 ) (1516 512 32 ) 
4 155 157 (1516 640 48 ) (1516 640 0 ) (1516 512 0 ) (1516 512 48 ) 
4 156 174 (1516 512 64 ) (1516 512 128 ) (1504 512 128 ) (1504 512 64 ) 
4 156 158 (1504 640 128 ) (1504 640 72 ) (1504 512 72 ) (1504 512 128 ) 
4 157 175 (1516 512 32 ) (1516 512 42 ) (1504 512 42 ) (1504 512 32 ) 
4 157 174 (1516 512 42 ) (1516 512 56 ) (1504 512 56 ) (1504 512 42 ) 
4 157 179 (1504 512 0 ) (1516 512 0 ) (1516 512 32 ) (1504 512 32 ) 
4 157 159 (1504 640 56 ) (1504 640 0 ) (1504 512 0 ) (1504 512 56 ) 
4 158 174 (1504 512 72 ) (1504 512 128 ) (1492 512 128 ) (1492 512 72 ) 
4 158 160 (1492 640 128 ) (1492 640 80 ) (1492 512 80 ) (1492 512 128 ) 
4 159 175 (1504 512 32 ) (1504 512 42 ) (1492 512 42 ) (1492 512 32 ) 
4 159 174 (1504 512 42 ) (1504 512 64 ) (1492 512 64 ) (1492 512 42 ) 
4 159 179 (1492 512 0 ) (1504 512 0 ) (1504 512 32 ) (1492 512 32 ) 
4 159 161 (1492 640 64 ) (1492 640 0 ) (1492 512 0 ) (1492 512 64 ) 
4 160 174 (1492 512 80 ) (1492 512 128 ) (1480 512 128 ) (1480 512 80 ) 
4 160 162 (1480 640 128 ) (1480 640 88 ) (1480 512 88 ) (1480 512 128 ) 
4 161 176 (1490 512 42 ) (1480 512 42 ) (1480 512 32 ) (1490 512 32 ) 
4 161 175 (1492 512 32 ) (1492 512 42 ) (1490 512 42 ) (1490 512 32 ) 
4 161 174 (1492 512 42 ) (1492 512 72 ) (1480 512 72 ) (1480 512 42 ) 
4 161 179 (1480 512 0 ) (1492 512 0 ) (1492 512 32 ) (1480 512 32 ) 
4 161 163 (1480 640 72 ) (1480 640 0 ) (1480 512 0 ) (1480 512 72 ) 
4 162 174 (1480 512 88 ) (1480 512 128 ) (1468 512 128 ) (1468 512 88 ) 
4 162 164 (1468 640 128 ) (1468 640 96 ) (1468 512 96 ) (1468 512 128 ) 
4 163 176 (1480 512 32 ) (1480 512 42 ) (1468 512 42 ) (1468 512 32 ) 
4 163 174 (1480 512 42 ) (1480 512 80 ) (1468 512 80 ) (1468 512 42 ) 
4 163 179 (1468 512 0 ) (1480 512 0 ) (1480 512 32 ) (1468 512 32 ) 
4 163 165 (1468 640 80 ) (1468 640 0 ) (1468 512 0 ) (1468 512 80 ) 
4 164 174 (1468 512 96 ) (1468 512 128 ) (1456 512 128 ) (1456 512 96 ) 
4 164 166 (1456 640 128 ) (1456 640 104 ) (1456 512 104 ) (1456 512 128 ) 
4 165 176 (1468 512 32 ) (1468 512 42 ) (1456 512 42 ) (1456 512 32 ) 
4 165 174 (1468 512 42 ) (1468 512 88 ) (1456 512 88 ) (1456 512 42 ) 
4 165 179 (1456 512 0 ) (1468 512 0 ) (1468 512 32 ) (1456 512 32 ) 
4 165 167 (1456 640 88 ) (1456 640 0 ) (1456 512 0 ) (1456 512 88 ) 
4 166 174 (1456 512 104 ) (1456 512 128 ) (1444 512 128 ) (1444 512 104 ) 
4 166 168 (1444 640 128 ) (1444 640 112 ) (1444 512 112 ) (1444 512 128 ) 
4 167 176 (1456 512 32 ) (1456 512 42 ) (1454 512 42 ) (1454 512 32 ) 
4 167 178 (1454 512 42 ) (1444 512 42 ) (1444 512 32 ) (1454 512 32 ) 
4 167 174 (1456 512 42 ) (1456 512 96 ) (1444 512 96 ) (1444 512 42 ) 
4 167 179 (1444 512 0 ) (1456 512 0 ) (1456 512 32 ) (1444 512 32 ) 
4 167 169 (1444 640 96 ) (1444 640 0 ) (1444 512 0 ) (1444 512 96 ) 
4 168 174 (1444 512 112 ) (1444 512 128 ) (1432 512 128 ) (1432 512 112 ) 
4 168 170 (1432 640 128 ) (1432 640 120 ) (1432 512 120 ) (1432 512 128 ) 
4 169 178 (1444 512 32 ) (1444 512 42 ) (1432 512 42 ) (1432 512 32 ) 
4 169 174 (1444 512 42 ) (1444 512 104 ) (1432 512 104 ) (1432 512 42 ) 
4 169 179 (1432 512 0 ) (1444 512 0 ) (1444 512 32 ) (1432 512 32 ) 
4 169 171 (1432 640 104 ) (1432 640 0 ) (1432 512 0 ) (1432 512 104 ) 
4 170 174 (1432 512 120 ) (1432 512 128 ) (1420 512 128 ) (1420 512 120 ) 
4 171 178 (1432 512 32 ) (1432 512 42 ) (1420 512 42 ) (1420 512 32 ) 
4 171 174 (1432 512 42 ) (1432 512 112 ) (1420 512 112 ) (1420 512 42 ) 
4 171 179 (1420 512 0 ) (1432 512 0 ) (1432 512 32 ) (1420 512 32 ) 
4 171 172 (1420 640 112 ) (1420 640 0 ) (1420 512 0 ) (1420 512 112 ) 
4 172 178 (1420 512 32 ) (1420 512 42 ) (1408 512 42 ) (1408 512 32 ) 
4 172 174 (1420 512 42 ) (1420 512 120 ) (1408 512 120 ) (1408 512 42 ) 
4 172 179 (1408 512 0 ) (1420 512 0 ) (1420 512 32 ) (1408 512 32 ) 
4 173 178 (1280 512 32 ) (1280 512 42 ) (1152 512 42 ) (1152 512 32 ) 
4 173 174 (1280 512 42 ) (1280 512 128 ) (1152 512 128 ) (1152 512 42 ) 
4 173 179 (1152 512 0 ) (1280 512 0 ) (1280 512 32 ) (1152 512 32 ) 
4 174 254 (1280 0 128 ) (1152 0 128 ) (1152 0 42 ) (1280 0 42 ) 
4 174 253 (1408 0 120 ) (1408 0 42 ) (1420 0 42 ) (1420 0 120 ) 
4 174 251 (1432 0 128 ) (1420 0 128 ) (1420 0 120 ) (1432 0 120 ) 
4 174 252 (1420 0 112 ) (1420 0 42 ) (1432 0 42 ) (1432 0 112 ) 
4 174 249 (1444 0 128 ) (1432 0 128 ) (1432 0 112 ) (1444 0 112 ) 
4 174 250 (1432 0 104 ) (1432 0 42 ) (1444 0 42 ) (1444 0 104 ) 
4 174 247 (1456 0 128 ) (1444 0 128 ) (1444 0 104 ) (1456 0 104 ) 
4 174 248 (1444 0 96 ) (1444 0 42 ) (1456 0 42 ) (1456 0 96 ) 
4 174 245 (1468 0 128 ) (1456 0 128 ) (1456 0 96 ) (1468 0 96 ) 
4 174 246 (1456 0 88 ) (1456 0 42 ) (1468 0 42 ) (1468 0 88 ) 
4 174 243 (1480 0 128 ) (1468 0 128 ) (1468 0 88 ) (1480 0 88 ) 
4 174 244 (1468 0 80 ) (1468 0 42 ) (1480 0 42 ) (1480 0 80 ) 
4 174 241 (1492 0 128 ) (1480 0 128 ) (1480 0 80 ) (1492 0 80 ) 
4 174 242 (1480 0 72 ) (1480 0 42 ) (1492 0 42 ) (1492 0 72 ) 
4 174 239 (1504 0 128 ) (1492 0 128 ) (1492 0 72 ) (1504 0 72 ) 
4 174 240 (1492 0 64 ) (1492 0 42 ) (1504 0 42 ) (1504 0 64 ) 
4 174 237 (1516 0 128 ) (1504 0 128 ) (1504 0 64 ) (1516 0 64 ) 
4 174 238 (1504 0 56 ) (1504 0 42 ) (1516 0 42 ) (1516 0 56 ) 
4 174 235 (1528 0 128 ) (1516 0 128 ) (1516 0 56 ) (1528 0 56 ) 
4 174 236 (1516 0 48 ) (1516 0 42 ) (1528 0 42 ) (1528 0 48 ) 
4 174 233 (1540 0 128 ) (1528 0 128 ) (1528 0 48 ) (1540 0 48 ) 
4 174 231 (1552 0 128 ) (1540 0 128 ) (1540 0 42 ) (1552 0 42 ) 
4 174 229 (1564 0 128 ) (1552 0 128 ) (1552 0 42 ) (1564 0 42 ) 
4 174 227 (1576 0 128 ) (1564 0 128 ) (1564 0 42 ) (1576 0 42 ) 
4 174 225 (1588 0 128 ) (1576 0 128 ) (1576 0 42 ) (1588 0 42 ) 
4 174 224 (1600 0 128 ) (1588 0 128 ) (1588 0 42 ) (1600 0 42 ) 
4 174 222 (2048 0 42 ) (2048 0 128 ) (1792 0 128 ) (1792 0 42 ) 
4 174 223 (1664 0 128 ) (1600 0 128 ) (1600 0 42 ) (1664 0 42 ) 
4 174 207 (1024 256 128 ) (1024 384 128 ) (1024 384 42 ) (1024 256 42 ) 
4 174 177 (1490 0 42 ) (1454 0 42 ) (1454 310 42 ) (1490 310 42 ) 
4 174 176 (1454 333 42 ) (1454 512 42 ) (1490 512 42 ) (1490 333 42 ) 
4 174 175 (2048 0 42 ) (1490 0 42 ) (1490 512 42 ) (2048 512 42 ) 
4 174 178 (1454 0 42 ) (1024 0 42 ) (1024 512 42 ) (1454 512 42 ) 
4 175 242 (1492 0 42 ) (1490 0 42 ) (1490 0 32 ) (1492 0 32 ) 
4 175 240 (1504 0 42 ) (1492 0 42 ) (1492 0 32 ) (1504 0 32 ) 
4 175 238 (1516 0 42 ) (1504 0 42 ) (1504 0 32 ) (1516 0 32 ) 
4 175 236 (1528 0 42 ) (1516 0 42 ) (1516 0 32 ) (1528 0 32 ) 
4 175 234 (1528 0 40 ) (1528 0 32 ) (1540 0 32 ) (1540 0 40 ) 
4 175 231 (1552 0 42 ) (1540 0 42 ) (1540 0 40 ) (1552 0 40 ) 
4 175 229 (1564 0 42 ) (1552 0 42 ) (1552 0 32 ) (1564 0 32 ) 
4 175 227 (1576 0 42 ) (1564 0 42 ) (1564 0 32 ) (1576 0 32 ) 
4 175 225 (1588 0 42 ) (1576 0 42 ) (1576 0 32 ) (1588 0 32 ) 
4 175 224 (1600 0 42 ) (1588 0 42 ) (1588 0 32 ) (1600 0 32 ) 
4 175 222 (2048 0 32 ) (2048 0 42 ) (1792 0 42 ) (1792 0 32 ) 
4 175 223 (1664 0 42 ) (1600 0 42 ) (1600 0 32 ) (1664 0 32 ) 
4 175 177 (1490 310 32 ) (1490 0 32 ) (1490 0 42 ) (1490 310 42 ) 
4 175 176 (1490 512 32 ) (1490 333 32 ) (1490 333 42 ) (1490 512 42 ) 
4 175 179 (1490 512 32 ) (2048 512 32 ) (2048 0 32 ) (1490 0 32 ) 
4 176 179 (1454 512 32 ) (1490 512 32 ) (1490 333 32 ) (1454 333 32 ) 
4 176 178 (1454 512 32 ) (1454 333 32 ) (1454 333 42 ) (1454 512 42 ) 
4 177 248 (1456 0 42 ) (1454 0 42 ) (1454 0 32 ) (1456 0 32 ) 
4 177 246 (1468 0 42 ) (1456 0 42 ) (1456 0 32 ) (1468 0 32 ) 
4 177 244 (1480 0 42 ) (1468 0 42 ) (1468 0 32 ) (1480 0 32 ) 
4 177 242 (1490 0 42 ) (1480 0 42 ) (1480 0 32 ) (1490 0 32 ) 
4 177 178 (1454 310 32 ) (1454 0 32 ) (1454 0 42 ) (1454 310 42 ) 
4 177 179 (1490 310 32 ) (1490 0 32 ) (1454 0 32 ) (1454 310 32 ) 
4 178 254 (1280 0 42 ) (1152 0 42 ) (1152 0 32 ) (1280 0 32 ) 
4 178 253 (1420 0 42 ) (1408 0 42 ) (1408 0 32 ) (1420 0 32 ) 
4 178 252 (1432 0 42 ) (1420 0 42 ) (1420 0 32 ) (1432 0 32 ) 
4 178 250 (1444 0 42 ) (1432 0 42 ) (1432 0 32 ) (1444 0 32 ) 
4 178 248 (1454 0 42 ) (1444 0 42 ) (1444 0 32 ) (1454 0 32 ) 
4 178 207 (1024 256 42 ) (1024 384 42 ) (1024 384 32 ) (1024 256 32 ) 
4 178 179 (1024 0 32 ) (1024 512 32 ) (1454 512 32 ) (1454 0 32 ) 
4 179 254 (1280 0 32 ) (1152 0 32 ) (1152 0 0 ) (1280 0 0 ) 
4 179 253 (1420 0 32 ) (1408 0 32 ) (1408 0 0 ) (1420 0 0 ) 
4 179 252 (1432 0 32 ) (1420 0 32 ) (1420 0 0 ) (1432 0 0 ) 
4 179 250 (1444 0 32 ) (1432 0 32 ) (1432 0 0 ) (1444 0 0 ) 
4 179 248 (1456 0 32 ) (1444 0 32 ) (1444 0 0 ) (1456 0 0 ) 
4 179 246 (1468 0 32 ) (1456 0 32 ) (1456 0 0 ) (1468 0 0 ) 
4 179 244 (1480 0 32 ) (1468 0 32 ) (1468 0 0 ) (1480 0 0 ) 
4 179 242 (1492 0 32 ) (1480 0 32 ) (1480 0 0 ) (1492 0 0 ) 
4 179 240 (1504 0 32 ) (1492 0 32 ) (1492 0 0 ) (1504 0 0 ) 
4 179 238 (1516 0 32 ) (1504 0 32 ) (1504 0 0 ) (1516 0 0 ) 
4 179 236 (1528 0 32 ) (1516 0 32 ) (1516 0 0 ) (1528 0 0 ) 
4 179 234 (1540 0 32 ) (1528 0 32 ) (1528 0 0 ) (1540 0 0 ) 
4 179 232 (1552 0 32 ) (1540 0 32 ) (1540 0 0 ) (1552 0 0 ) 
4 179 230 (1552 0 24 ) (1552 0 0 ) (1564 0 0 ) (1564 0 24 ) 
4 179 227 (1576 0 32 ) (1564 0 32 ) (1564 0 24 ) (1576 0 24 ) 
4 179 228 (1564 0 16 ) (1564 0 0 ) (1576 0 0 ) (1576 0 16 ) 
4 179 225 (1588 0 32 ) (1576 0 32 ) (1576 0 16 ) (1588 0 16 ) 
4 179 226 (1576 0 8 ) (1576 0 0 ) (1588 0 0 ) (1588 0 8 ) 
4 179 224 (1600 0 32 ) (1588 0 32 ) (1588 0 8 ) (1600 0 8 ) 
4 179 222 (2048 0 0 ) (2048 0 32 ) (1792 0 32 ) (1792 0 0 ) 
4 179 223 (1664 0 32 ) (1600 0 32 ) (1600 0 0 ) (1664 0 0 ) 
4 179 207 (1024 384 0 ) (1024 256 0 ) (1024 256 32 ) (1024 384 32 ) 
4 179 183 (1408 128 0 ) (1408 384 0 ) (1536 384 0 ) (1536 128 0 ) 
4 180 188 (1792 1024 -64 ) (1920 1024 -64 ) (1920 896 -64 ) (1792 896 -64 ) 
4 180 181 (1792 896 -64 ) (1920 896 -64 ) (1920 896 0 ) (1792 896 0 ) 
4 181 188 (1664 896 -64 ) (1920 896 -64 ) (1920 768 -64 ) (1664 768 -64 ) 
4 181 182 (1664 768 -64 ) (1792 768 -64 ) (1792 768 0 ) (1664 768 0 ) 
4 182 188 (1792 640 -64 ) (1408 640 -64 ) (1408 768 -64 ) (1792 768 -64 ) 
4 182 185 (1408 768 -64 ) (1408 640 -64 ) (1408 640 0 ) (1408 768 0 ) 
4 183 184 (1408 384 -1 ) (1536 384 -1 ) (1536 128 -1 ) (1408 128 -1 ) 
4 185 188 (1280 1024 -64 ) (1408 1024 -64 ) (1408 640 -64 ) (1280 640 -64 ) 
4 185 186 (1280 640 -64 ) (1408 640 -64 ) (1408 640 0 ) (1280 640 0 ) 
4 186 188 (1280 640 -64 ) (1408 640 -64 ) (1408 512 -64 ) (1280 512 -64 ) 
4 187 209 (1024 640 -64 ) (1024 512 -64 ) (1024 512 0 ) (1024 640 0 ) 
4 187 189 (1024 512 -64 ) (1024 640 -64 ) (1152 640 -64 ) (1152 512 -64 ) 
4 188 258 (2048 0 -128 ) (2048 0 -64 ) (1216 0 -64 ) (1216 0 -128 ) 
4 188 190 (2048 0 -128 ) (1216 0 -128 ) (1216 1024 -128 ) (2048 1024 -128 ) 
4 188 189 (1216 960 -128 ) (1216 0 -128 ) (1216 0 -64 ) (1216 960 -64 ) 
4 189 258 (1216 0 -64 ) (1024 0 -64 ) (1024 0 -128 ) (1216 0 -128 ) 
4 189 217 (1024 960 -128 ) (1024 0 -128 ) (1024 0 -64 ) (1024 960 -64 ) 
4 189 190 (1216 0 -128 ) (1024 0 -128 ) (1024 960 -128 ) (1216 960 -128 ) 
4 190 258 (2048 0 -320 ) (2048 0 -128 ) (1024 0 -128 ) (1024 0 -320 ) 
4 190 219 (1024 1024 -128 ) (1024 1024 -320 ) (1024 0 -320 ) (1024 0 -128 ) 
4 191 304 (0 1024 1024 ) (0 1024 192 ) (0 0 192 ) (0 0 1024 ) 
4 191 282 (1024 0 192 ) (1024 0 1024 ) (0 0 1024 ) (0 0 192 ) 
4 191 196 (640 384 192 ) (384 384 192 ) (384 512 192 ) (640 512 192 ) 
4 191 195 (1024 512 192 ) (1024 384 192 ) (768 384 192 ) (768 512 192 ) 
4 191 197 (1024 384 192 ) (1024 0 192 ) (0 0 192 ) (0 384 192 ) 
4 191 193 (256 1024 192 ) (768 1024 192 ) (768 512 192 ) (256 512 192 ) 
4 191 194 (0 1024 192 ) (128 1024 192 ) (128 512 192 ) (0 512 192 ) 
4 191 192 (1024 896 192 ) (1024 512 192 ) (768 512 192 ) (768 896 192 ) 
4 192 204 (1024 768 128 ) (1024 640 128 ) (768 640 128 ) (768 768 128 ) 
4 192 198 (1024 896 128 ) (1024 768 128 ) (768 768 128 ) (768 896 128 ) 
4 192 195 (768 512 128 ) (1024 512 128 ) (1024 512 192 ) (768 512 192 ) 
4 192 193 (768 896 128 ) (768 512 128 ) (768 512 192 ) (768 896 192 ) 
4 193 206 (512 512 128 ) (256 512 128 ) (256 640 128 ) (512 640 128 ) 
4 193 204 (768 768 128 ) (768 640 128 ) (640 640 128 ) (640 768 128 ) 
4 193 205 (384 640 128 ) (256 640 128 ) (256 768 128 ) (384 768 128 ) 
4 193 202 (640 772 128 ) (640 768 128 ) (512 768 128 ) (512 772 128 ) 
4 193 200 (640 892 128 ) (640 772 128 ) (512 772 128 ) (512 892 128 ) 
4 193 199 (640 896 128 ) (640 892 128 ) (512 892 128 ) (512 896 128 ) 
4 193 198 (640 1024 128 ) (768 1024 128 ) (768 768 128 ) (640 768 128 ) 
4 193 203 (256 1024 128 ) (512 1024 128 ) (512 768 128 ) (256 768 128 ) 
4 193 196 (384 512 128 ) (640 512 128 ) (640 512 192 ) (384 512 192 ) 
4 194 305 (0 1024 192 ) (0 1024 128 ) (0 512 128 ) (0 512 192 ) 
4 194 206 (0 512 128 ) (0 640 128 ) (128 640 128 ) (128 512 128 ) 
4 194 203 (0 768 128 ) (0 1024 128 ) (128 1024 128 ) (128 768 128 ) 
4 195 208 (768 512 128 ) (896 512 128 ) (896 384 128 ) (768 384 128 ) 
4 195 197 (768 384 128 ) (1024 384 128 ) (1024 384 192 ) (768 384 192 ) 
4 196 208 (384 512 128 ) (640 512 128 ) (640 384 128 ) (384 384 128 ) 
4 196 197 (384 384 128 ) (640 384 128 ) (640 384 192 ) (384 384 192 ) 
4 197 306 (0 256 128 ) (0 128 128 ) (0 128 192 ) (0 256 192 ) 
4 197 207 (896 256 128 ) (896 384 128 ) (1024 384 128 ) (1024 256 128 ) 
4 197 208 (896 0 128 ) (0 0 128 ) (0 384 128 ) (896 384 128 ) 
4 198 204 (640 768 0 ) (1024 768 0 ) (1024 768 128 ) (640 768 128 ) 
4 198 202 (640 768 1 ) (640 768 128 ) (640 772 128 ) (640 772 1 ) 
4 198 200 (640 772 1 ) (640 772 128 ) (640 892 128 ) (640 892 1 ) 
4 198 199 (640 892 1 ) (640 892 128 ) (640 896 128 ) (640 896 1 ) 
4 199 200 (512 892 128 ) (512 892 1 ) (640 892 1 ) (640 892 128 ) 
4 199 203 (512 892 1 ) (512 892 128 ) (512 896 128 ) (512 896 1 ) 
4 200 202 (512 772 128 ) (512 772 1 ) (640 772 1 ) (640 772 128 ) 
4 200 201 (636 772 1 ) (516 772 1 ) (516 892 1 ) (636 892 1 ) 
4 200 203 (512 772 1 ) (512 772 128 ) (512 892 128 ) (512 892 1 ) 
4 202 203 (512 768 1 ) (512 768 128 ) (512 772 128 ) (512 772 1 ) 
4 203 307 (0 1024 128 ) (0 1024 0 ) (0 768 0 ) (0 768 128 ) 
4 203 215 (128 1024 0 ) (384 1024 0 ) (384 768 0 ) (128 768 0 ) 
4 203 214 (384 1024 0 ) (512 1024 0 ) (512 768 0 ) (384 768 0 ) 
4 203 216 (0 1024 0 ) (128 1024 0 ) (128 768 0 ) (0 768 0 ) 
4 203 205 (128 768 0 ) (384 768 0 ) (384 768 128 ) (128 768 128 ) 
4 205 206 (128 640 0 ) (384 640 0 ) (384 640 128 ) (128 640 128 ) 
4 206 208 (0 512 0 ) (512 512 0 ) (512 512 128 ) (0 512 128 ) 
4 207 208 (896 384 0 ) (896 256 0 ) (896 256 128 ) (896 384 128 ) 
4 208 308 (0 512 0 ) (0 384 0 ) (0 384 128 ) (0 512 128 ) 
4 208 309 (0 256 0 ) (0 128 0 ) (0 128 128 ) (0 256 128 ) 
4 209 217 (896 384 -64 ) (896 640 -64 ) (1024 640 -64 ) (1024 384 -64 ) 
4 209 211 (896 640 -64 ) (896 512 -64 ) (896 512 0 ) (896 640 0 ) 
4 210 295 (1024 0 -64 ) (1024 0 0 ) (896 0 0 ) (896 0 -64 ) 
4 210 217 (1024 0 -64 ) (896 0 -64 ) (896 256 -64 ) (1024 256 -64 ) 
4 211 217 (832 640 -64 ) (896 640 -64 ) (896 512 -64 ) (832 512 -64 ) 
4 211 218 (640 512 -64 ) (640 640 -64 ) (832 640 -64 ) (832 512 -64 ) 
4 211 213 (640 640 -64 ) (640 512 -64 ) (640 512 0 ) (640 640 0 ) 
4 212 218 (512 896 -64 ) (512 1024 -64 ) (640 1024 -64 ) (640 896 -64 ) 
4 212 214 (512 1024 -64 ) (512 896 -64 ) (512 896 0 ) (512 1024 0 ) 
4 213 218 (512 512 -64 ) (512 768 -64 ) (640 768 -64 ) (640 512 -64 ) 
4 213 214 (512 768 -64 ) (512 640 -64 ) (512 640 0 ) (512 768 0 ) 
4 214 218 (384 1024 -64 ) (512 1024 -64 ) (512 640 -64 ) (384 640 -64 ) 
4 214 215 (384 1024 -64 ) (384 768 -64 ) (384 768 0 ) (384 1024 0 ) 
4 215 218 (128 1024 -64 ) (384 1024 -64 ) (384 768 -64 ) (128 768 -64 ) 
4 215 216 (128 1024 -64 ) (128 768 -64 ) (128 768 0 ) (128 1024 0 ) 
4 216 310 (0 1024 0 ) (0 1024 -64 ) (0 640 -64 ) (0 640 0 ) 
4 216 218 (0 640 -64 ) (0 1024 -64 ) (128 1024 -64 ) (128 640 -64 ) 
4 217 303 (1024 0 -128 ) (1024 0 -64 ) (832 0 -64 ) (832 0 -128 ) 
4 217 219 (1024 960 -128 ) (1024 0 -128 ) (832 0 -128 ) (832 960 -128 ) 
4 217 218 (832 960 -128 ) (832 0 -128 ) (832 0 -64 ) (832 960 -64 ) 
4 218 313 (0 1024 -64 ) (0 1024 -128 ) (0 0 -128 ) (0 0 -64 ) 
4 218 303 (832 0 -64 ) (0 0 -64 ) (0 0 -128 ) (832 0 -128 ) 
4 218 219 (0 1024 -128 ) (832 1024 -128 ) (832 0 -128 ) (0 0 -128 ) 
4 219 313 (0 1024 -128 ) (0 1024 -320 ) (0 0 -320 ) (0 0 -128 ) 
4 219 303 (1024 0 -320 ) (1024 0 -128 ) (0 0 -128 ) (0 0 -320 ) 
4 220 282 (1024 0 1024 ) (1024 0 192 ) (1024 -128 192 ) (1024 -128 1024 ) 
4 220 259 (2048 -128 192 ) (2048 -128 1024 ) (1024 -128 1024 ) (1024 -128 192 ) 
4 220 221 (1664 -128 192 ) (1280 -128 192 ) (1280 0 192 ) (1664 0 192 ) 
4 221 251 (1432 -128 128 ) (1420 -128 128 ) (1420 0 128 ) (1432 0 128 ) 
4 221 249 (1444 -128 128 ) (1432 -128 128 ) (1432 0 128 ) (1444 0 128 ) 
4 221 247 (1456 -128 128 ) (1444 -128 128 ) (1444 0 128 ) (1456 0 128 ) 
4 221 245 (1468 -128 128 ) (1456 -128 128 ) (1456 0 128 ) (1468 0 128 ) 
4 221 243 (1480 -128 128 ) (1468 -128 128 ) (1468 0 128 ) (1480 0 128 ) 
4 221 241 (1492 -128 128 ) (1480 -128 128 ) (1480 0 128 ) (1492 0 128 ) 
4 221 239 (1504 -128 128 ) (1492 -128 128 ) (1492 0 128 ) (1504 0 128 ) 
4 221 237 (1516 -128 128 ) (1504 -128 128 ) (1504 0 128 ) (1516 0 128 ) 
4 221 235 (1528 -128 128 ) (1516 -128 128 ) (1516 0 128 ) (1528 0 128 ) 
4 221 233 (1540 -128 128 ) (1528 -128 128 ) (1528 0 128 ) (1540 0 128 ) 
4 221 231 (1552 -128 128 ) (1540 -128 128 ) (1540 0 128 ) (1552 0 128 ) 
4 221 229 (1564 -128 128 ) (1552 -128 128 ) (1552 0 128 ) (1564 0 128 ) 
4 221 227 (1576 -128 128 ) (1564 -128 128 ) (1564 0 128 ) (1576 0 128 ) 
4 221 225 (1588 -128 128 ) (1576 -128 128 ) (1576 0 128 ) (1588 0 128 ) 
4 221 224 (1600 -128 128 ) (1588 -128 128 ) (1588 0 128 ) (1600 0 128 ) 
4 221 223 (1664 -128 128 ) (1600 -128 128 ) (1600 0 128 ) (1664 0 128 ) 
4 222 262 (2048 -128 0 ) (2048 -128 128 ) (1792 -128 128 ) (1792 -128 0 ) 
4 223 224 (1600 -128 8 ) (1600 -128 128 ) (1600 0 128 ) (1600 0 8 ) 
4 224 225 (1588 -128 16 ) (1588 -128 128 ) (1588 0 128 ) (1588 0 16 ) 
4 225 227 (1576 -128 24 ) (1576 -128 128 ) (1576 0 128 ) (1576 0 24 ) 
4 226 228 (1576 0 0 ) (1576 -128 0 ) (1576 -128 8 ) (1576 0 8 ) 
4 227 229 (1564 -128 32 ) (1564 -128 128 ) (1564 0 128 ) (1564 0 32 ) 
4 228 230 (1564 0 0 ) (1564 -128 0 ) (1564 -128 16 ) (1564 0 16 ) 
4 229 231 (1552 -128 40 ) (1552 -128 128 ) (1552 0 128 ) (1552 0 40 ) 
4 230 232 (1552 0 0 ) (1552 -128 0 ) (1552 -128 24 ) (1552 0 24 ) 
4 231 233 (1540 -128 48 ) (1540 -128 128 ) (1540 0 128 ) (1540 0 48 ) 
4 232 234 (1540 0 0 ) (1540 -128 0 ) (1540 -128 32 ) (1540 0 32 ) 
4 233 235 (1528 -128 56 ) (1528 -128 128 ) (1528 0 128 ) (1528 0 56 ) 
4 234 236 (1528 0 0 ) (1528 -128 0 ) (1528 -128 40 ) (1528 0 40 ) 
4 235 237 (1516 -128 64 ) (1516 -128 128 ) (1516 0 128 ) (1516 0 64 ) 
4 236 238 (1516 0 0 ) (1516 -128 0 ) (1516 -128 48 ) (1516 0 48 ) 
4 237 239 (1504 -128 72 ) (1504 -128 128 ) (1504 0 128 ) (1504 0 72 ) 
4 238 240 (1504 0 0 ) (1504 -128 0 ) (1504 -128 56 ) (1504 0 56 ) 
4 239 241 (1492 -128 80 ) (1492 -128 128 ) (1492 0 128 ) (1492 0 80 ) 
4 240 242 (1492 0 0 ) (1492 -128 0 ) (1492 -128 64 ) (1492 0 64 ) 
4 241 243 (1480 -128 88 ) (1480 -128 128 ) (1480 0 128 ) (1480 0 88 ) 
4 242 244 (1480 0 0 ) (1480 -128 0 ) (1480 -128 72 ) (1480 0 72 ) 
4 243 245 (1468 -128 96 ) (1468 -128 128 ) (1468 0 128 ) (1468 0 96 ) 
4 244 246 (1468 0 0 ) (1468 -128 0 ) (1468 -128 80 ) (1468 0 80 ) 
4 245 247 (1456 -128 104 ) (1456 -128 128 ) (1456 0 128 ) (1456 0 104 ) 
4 246 248 (1456 0 0 ) (1456 -128 0 ) (1456 -128 88 ) (1456 0 88 ) 
4 247 249 (1444 -128 112 ) (1444 -128 128 ) (1444 0 128 ) (1444 0 112 ) 
4 248 250 (1444 0 0 ) (1444 -128 0 ) (1444 -128 96 ) (1444 0 96 ) 
4 249 251 (1432 -128 120 ) (1432 -128 128 ) (1432 0 128 ) (1432 0 120 ) 
4 250 252 (1432 0 0 ) (1432 -128 0 ) (1432 -128 104 ) (1432 0 104 ) 
4 252 253 (1420 0 0 ) (1420 -128 0 ) (1420 -128 112 ) (1420 0 112 ) 
4 254 268 (1280 -128 128 ) (1152 -128 128 ) (1152 -128 0 ) (1280 -128 0 ) 
4 255 275 (1792 -128 0 ) (1664 -128 0 ) (1664 -128 -64 ) (1792 -128 -64 ) 
4 255 258 (1792 -128 -64 ) (1664 -128 -64 ) (1664 0 -64 ) (1792 0 -64 ) 
4 256 276 (1408 -128 0 ) (1280 -128 0 ) (1280 -128 -64 ) (1408 -128 -64 ) 
4 256 258 (1408 -128 -64 ) (1280 -128 -64 ) (1280 0 -64 ) (1408 0 -64 ) 
4 257 295 (1024 0 0 ) (1024 0 -64 ) (1024 -128 -64 ) (1024 -128 0 ) 
4 257 258 (1152 -128 -64 ) (1024 -128 -64 ) (1024 0 -64 ) (1152 0 -64 ) 
4 258 303 (1024 0 -64 ) (1024 0 -320 ) (1024 -128 -320 ) (1024 -128 -64 ) 
4 258 281 (2048 -128 -320 ) (2048 -128 -64 ) (1024 -128 -64 ) (1024 -128 -320 ) 
4 259 323 (2048 -1024 192 ) (2048 -1024 1024 ) (1024 -1024 1024 ) (1024 -1024 192 ) 
4 259 282 (1024 -1024 192 ) (1024 -1024 1024 ) (1024 -128 1024 ) (1024 -128 192 ) 
4 259 261 (1792 -1024 192 ) (1664 -1024 192 ) (1664 -768 192 ) (1792 -768 192 ) 
4 259 260 (2048 -1024 192 ) (1792 -1024 192 ) (1792 -512 192 ) (2048 -512 192 ) 
4 260 324 (2048 -1024 128 ) (2048 -1024 192 ) (1792 -1024 192 ) (1792 -1024 128 ) 
4 260 263 (2048 -512 128 ) (2048 -1024 128 ) (1792 -1024 128 ) (1792 -512 128 ) 
4 260 261 (1792 -768 128 ) (1792 -1024 128 ) (1792 -1024 192 ) (1792 -768 192 ) 
4 261 324 (1792 -1024 192 ) (1664 -1024 192 ) (1664 -1024 128 ) (1792 -1024 128 ) 
4 261 264 (1792 -768 128 ) (1792 -1024 128 ) (1664 -1024 128 ) (1664 -768 128 ) 
4 262 271 (1920 -128 0 ) (2048 -128 0 ) (2048 -256 0 ) (1920 -256 0 ) 
4 262 263 (1792 -256 0 ) (2048 -256 0 ) (2048 -256 128 ) (1792 -256 128 ) 
4 263 326 (2048 -1024 0 ) (2048 -1024 128 ) (1792 -1024 128 ) (1792 -1024 0 ) 
4 263 277 (1792 -768 0 ) (1792 -640 0 ) (2048 -640 0 ) (2048 -768 0 ) 
4 263 280 (2048 -1024 0 ) (1792 -1024 0 ) (1792 -768 0 ) (2048 -768 0 ) 
4 263 274 (1792 -640 0 ) (1792 -512 0 ) (1920 -512 0 ) (1920 -640 0 ) 
4 263 273 (2048 -512 0 ) (2048 -640 0 ) (1920 -640 0 ) (1920 -512 0 ) 
4 263 264 (1792 -768 0 ) (1792 -1024 0 ) (1792 -1024 128 ) (1792 -768 128 ) 
4 264 326 (1792 -1024 128 ) (1664 -1024 128 ) (1664 -1024 0 ) (1792 -1024 0 ) 
4 264 280 (1792 -1024 0 ) (1664 -1024 0 ) (1664 -768 0 ) (1792 -768 0 ) 
4 264 265 (1664 -768 0 ) (1664 -1024 0 ) (1664 -1024 128 ) (1664 -768 128 ) 
4 265 326 (1664 -1024 128 ) (1408 -1024 128 ) (1408 -1024 0 ) (1664 -1024 0 ) 
4 265 280 (1664 -1024 0 ) (1408 -1024 0 ) (1408 -768 0 ) (1664 -768 0 ) 
4 265 267 (1408 -768 0 ) (1408 -1024 0 ) (1408 -1024 128 ) (1408 -768 128 ) 
4 265 266 (1408 -256 0 ) (1408 -640 0 ) (1408 -640 128 ) (1408 -256 128 ) 
4 266 268 (1280 -256 0 ) (1280 -640 0 ) (1280 -640 128 ) (1280 -256 128 ) 
4 267 326 (1408 -1024 128 ) (1280 -1024 128 ) (1280 -1024 0 ) (1408 -1024 0 ) 
4 267 280 (1408 -1024 0 ) (1280 -1024 0 ) (1280 -768 0 ) (1408 -768 0 ) 
4 267 268 (1280 -768 0 ) (1280 -1024 0 ) (1280 -1024 128 ) (1280 -768 128 ) 
4 268 326 (1280 -1024 128 ) (1152 -1024 128 ) (1152 -1024 0 ) (1280 -1024 0 ) 
4 268 280 (1280 -1024 0 ) (1152 -1024 0 ) (1152 -768 0 ) (1280 -768 0 ) 
4 268 269 (1152 -128 0 ) (1152 -640 0 ) (1152 -640 128 ) (1152 -128 128 ) 
4 268 270 (1152 -768 0 ) (1152 -1024 0 ) (1152 -1024 128 ) (1152 -768 128 ) 
4 269 287 (1024 -512 128 ) (1024 -256 128 ) (1024 -256 0 ) (1024 -512 0 ) 
4 270 326 (1152 -1024 128 ) (1024 -1024 128 ) (1024 -1024 0 ) (1152 -1024 0 ) 
4 270 288 (1024 -1024 0 ) (1024 -1024 128 ) (1024 -768 128 ) (1024 -768 0 ) 
4 270 280 (1152 -1024 0 ) (1024 -1024 0 ) (1024 -768 0 ) (1152 -768 0 ) 
4 271 272 (2048 -256 -1 ) (1920 -256 -1 ) (1920 -128 -1 ) (2048 -128 -1 ) 
4 273 281 (2048 -512 -64 ) (2048 -640 -64 ) (1920 -640 -64 ) (1920 -512 -64 ) 
4 273 277 (1920 -640 -64 ) (2048 -640 -64 ) (2048 -640 0 ) (1920 -640 0 ) 
4 273 274 (1920 -512 -64 ) (1920 -640 -64 ) (1920 -640 0 ) (1920 -512 0 ) 
4 274 281 (1920 -512 -64 ) (1920 -640 -64 ) (1792 -640 -64 ) (1792 -512 -64 ) 
4 274 277 (1792 -640 -64 ) (1920 -640 -64 ) (1920 -640 0 ) (1792 -640 0 ) 
4 274 275 (1792 -512 -64 ) (1792 -640 -64 ) (1792 -640 0 ) (1792 -512 0 ) 
4 275 281 (1664 -128 -64 ) (1792 -128 -64 ) (1792 -640 -64 ) (1664 -640 -64 ) 
4 275 277 (1664 -640 -64 ) (1792 -640 -64 ) (1792 -640 0 ) (1664 -640 0 ) 
4 275 276 (1664 -128 -64 ) (1664 -256 -64 ) (1664 -256 0 ) (1664 -128 0 ) 
4 276 281 (1280 -128 -64 ) (1664 -128 -64 ) (1664 -256 -64 ) (1280 -256 -64 ) 
4 277 281 (1664 -640 -64 ) (2048 -640 -64 ) (2048 -768 -64 ) (1664 -768 -64 ) 
4 277 280 (1664 -768 -64 ) (2048 -768 -64 ) (2048 -768 0 ) (1664 -768 0 ) 
4 278 281 (1280 -640 -64 ) (1408 -640 -64 ) (1408 -768 -64 ) (1280 -768 -64 ) 
4 278 280 (1280 -768 -64 ) (1408 -768 -64 ) (1408 -768 0 ) (1280 -768 0 ) 
4 279 300 (1024 -768 0 ) (1024 -640 0 ) (1024 -640 -64 ) (1024 -768 -64 ) 
4 279 281 (1024 -768 -64 ) (1024 -640 -64 ) (1152 -640 -64 ) (1152 -768 -64 ) 
4 279 280 (1024 -768 -64 ) (1152 -768 -64 ) (1152 -768 0 ) (1024 -768 0 ) 
4 280 326 (2048 -1024 -64 ) (2048 -1024 0 ) (1024 -1024 0 ) (1024 -1024 -64 ) 
4 280 302 (1024 -1024 -64 ) (1024 -1024 0 ) (1024 -768 0 ) (1024 -768 -64 ) 
4 280 281 (1024 -1024 -64 ) (1024 -768 -64 ) (2048 -768 -64 ) (2048 -1024 -64 ) 
4 281 326 (2048 -1024 -320 ) (2048 -1024 -64 ) (1024 -1024 -64 ) (1024 -1024 -320 ) 
4 281 303 (1024 -1024 -320 ) (1024 -1024 -64 ) (1024 -128 -64 ) (1024 -128 -320 ) 
4 282 327 (1024 -1024 192 ) (1024 -1024 1024 ) (0 -1024 1024 ) (0 -1024 192 ) 
4 282 319 (0 -128 1024 ) (0 0 1024 ) (0 0 192 ) (0 -128 192 ) 
4 282 321 (0 -1024 192 ) (0 -1024 1024 ) (0 -128 1024 ) (0 -128 192 ) 
4 282 285 (0 -768 192 ) (0 -640 192 ) (128 -640 192 ) (128 -768 192 ) 
4 282 286 (384 -1024 192 ) (0 -1024 192 ) (0 -768 192 ) (384 -768 192 ) 
4 282 284 (640 -768 192 ) (640 -896 192 ) (512 -896 192 ) (512 -768 192 ) 
4 282 283 (768 -1024 192 ) (640 -1024 192 ) (640 -768 192 ) (768 -768 192 ) 
4 283 294 (768 -1024 128 ) (640 -1024 128 ) (640 -768 128 ) (768 -768 128 ) 
4 283 284 (640 -768 128 ) (640 -896 128 ) (640 -896 192 ) (640 -768 192 ) 
4 284 294 (640 -768 128 ) (640 -896 128 ) (512 -896 128 ) (512 -768 128 ) 
4 285 321 (0 -768 192 ) (0 -640 192 ) (0 -640 128 ) (0 -768 128 ) 
4 285 293 (0 -768 128 ) (0 -640 128 ) (128 -640 128 ) (128 -768 128 ) 
4 285 286 (0 -768 128 ) (128 -768 128 ) (128 -768 192 ) (0 -768 192 ) 
4 286 328 (384 -1024 192 ) (0 -1024 192 ) (0 -1024 128 ) (384 -1024 128 ) 
4 286 321 (0 -1024 128 ) (0 -1024 192 ) (0 -768 192 ) (0 -768 128 ) 
4 286 294 (384 -1024 128 ) (0 -1024 128 ) (0 -768 128 ) (384 -768 128 ) 
4 287 289 (896 -256 0 ) (896 -512 0 ) (896 -512 128 ) (896 -256 128 ) 
4 288 332 (1024 -1024 0 ) (1024 -1024 128 ) (896 -1024 128 ) (896 -1024 0 ) 
4 288 302 (1024 -1024 0 ) (896 -1024 0 ) (896 -768 0 ) (1024 -768 0 ) 
4 288 294 (896 -768 0 ) (896 -1024 0 ) (896 -1024 128 ) (896 -768 128 ) 
4 289 292 (384 -640 0 ) (768 -640 0 ) (768 -640 128 ) (384 -640 128 ) 
4 289 290 (256 -128 128 ) (256 -128 0 ) (256 -384 0 ) (256 -384 128 ) 
4 291 321 (0 -640 128 ) (0 -512 128 ) (0 -512 0 ) (0 -640 0 ) 
4 291 299 (0 -640 0 ) (0 -512 0 ) (128 -512 0 ) (128 -640 0 ) 
4 291 293 (0 -640 0 ) (128 -640 0 ) (128 -640 128 ) (0 -640 128 ) 
4 292 294 (384 -768 0 ) (768 -768 0 ) (768 -768 128 ) (384 -768 128 ) 
4 293 321 (0 -768 128 ) (0 -640 128 ) (0 -640 0 ) (0 -768 0 ) 
4 293 301 (0 -768 0 ) (0 -640 0 ) (128 -640 0 ) (128 -768 0 ) 
4 293 294 (0 -768 0 ) (128 -768 0 ) (128 -768 128 ) (0 -768 128 ) 
4 294 332 (896 -1024 128 ) (0 -1024 128 ) (0 -1024 0 ) (896 -1024 0 ) 
4 294 321 (0 -1024 0 ) (0 -1024 128 ) (0 -768 128 ) (0 -768 0 ) 
4 294 302 (896 -1024 0 ) (0 -1024 0 ) (0 -768 0 ) (896 -768 0 ) 
4 295 320 (0 -128 0 ) (0 0 0 ) (0 0 -64 ) (0 -128 -64 ) 
4 295 303 (1024 0 -64 ) (1024 -128 -64 ) (0 -128 -64 ) (0 0 -64 ) 
4 295 299 (0 -128 -64 ) (128 -128 -64 ) (128 -128 0 ) (0 -128 0 ) 
4 295 296 (896 -128 -64 ) (1024 -128 -64 ) (1024 -128 0 ) (896 -128 0 ) 
4 296 303 (1024 -128 -64 ) (1024 -256 -64 ) (896 -256 -64 ) (896 -128 -64 ) 
4 297 303 (1024 -512 -64 ) (1024 -640 -64 ) (896 -640 -64 ) (896 -512 -64 ) 
4 297 300 (896 -640 -64 ) (1024 -640 -64 ) (1024 -640 0 ) (896 -640 0 ) 
4 298 303 (256 -640 -64 ) (128 -640 -64 ) (128 -384 -64 ) (256 -384 -64 ) 
4 298 301 (128 -640 -64 ) (256 -640 -64 ) (256 -640 0 ) (128 -640 0 ) 
4 298 299 (128 -384 -64 ) (128 -640 -64 ) (128 -640 0 ) (128 -384 0 ) 
4 299 321 (0 -640 0 ) (0 -128 0 ) (0 -128 -64 ) (0 -640 -64 ) 
4 299 303 (128 -640 -64 ) (0 -640 -64 ) (0 -128 -64 ) (128 -128 -64 ) 
4 299 301 (0 -640 -64 ) (128 -640 -64 ) (128 -640 0 ) (0 -640 0 ) 
4 300 303 (1024 -640 -64 ) (1024 -768 -64 ) (768 -768 -64 ) (768 -640 -64 ) 
4 300 302 (768 -768 -64 ) (1024 -768 -64 ) (1024 -768 0 ) (768 -768 0 ) 
4 301 321 (0 -768 0 ) (0 -640 0 ) (0 -640 -64 ) (0 -768 -64 ) 
4 301 303 (384 -768 -64 ) (0 -768 -64 ) (0 -640 -64 ) (384 -640 -64 ) 
4 301 302 (0 -768 -64 ) (384 -768 -64 ) (384 -768 0 ) (0 -768 0 ) 
4 302 332 (1024 -1024 -64 ) (1024 -1024 0 ) (0 -1024 0 ) (0 -1024 -64 ) 
4 302 321 (0 -1024 -64 ) (0 -1024 0 ) (0 -768 0 ) (0 -768 -64 ) 
4 302 303 (1024 -768 -64 ) (1024 -1024 -64 ) (0 -1024 -64 ) (0 -768 -64 ) 
4 303 332 (1024 -1024 -320 ) (1024 -1024 -64 ) (0 -1024 -64 ) (0 -1024 -320 ) 
4 303 320 (0 -128 -64 ) (0 0 -64 ) (0 0 -320 ) (0 -128 -320 ) 
4 303 321 (0 -1024 -320 ) (0 -1024 -64 ) (0 -128 -64 ) (0 -128 -320 ) 
4 304 319 (0 0 192 ) (0 0 1024 ) (-128 0 1024 ) (-128 0 192 ) 
4 304 315 (-128 512 1024 ) (-128 640 1024 ) (-128 640 192 ) (-128 512 192 ) 
4 304 314 (-128 640 1024 ) (-128 1024 1024 ) (-128 1024 192 ) (-128 640 192 ) 
4 304 317 (-128 0 192 ) (-128 0 1024 ) (-128 512 1024 ) (-128 512 192 ) 
4 304 306 (-128 128 192 ) (-128 256 192 ) (0 256 192 ) (0 128 192 ) 
4 304 305 (-128 512 192 ) (-128 1024 192 ) (0 1024 192 ) (0 512 192 ) 
4 305 315 (-128 512 192 ) (-128 640 192 ) (-128 640 128 ) (-128 512 128 ) 
4 305 314 (-128 640 192 ) (-128 1024 192 ) (-128 1024 128 ) (-128 640 128 ) 
4 305 307 (-128 768 128 ) (-128 1024 128 ) (0 1024 128 ) (0 768 128 ) 
4 306 317 (-128 128 192 ) (-128 256 192 ) (-128 256 128 ) (-128 128 128 ) 
4 306 309 (-128 128 128 ) (-128 256 128 ) (0 256 128 ) (0 128 128 ) 
4 307 314 (-128 768 128 ) (-128 1024 128 ) (-128 1024 0 ) (-128 768 0 ) 
4 307 310 (-128 768 0 ) (-128 1024 0 ) (0 1024 0 ) (0 768 0 ) 
4 308 317 (-128 384 128 ) (-128 512 128 ) (-128 512 0 ) (-128 384 0 ) 
4 309 317 (-128 128 128 ) (-128 256 128 ) (-128 256 0 ) (-128 128 0 ) 
4 310 316 (-128 512 0 ) (-128 640 0 ) (-128 640 -64 ) (-128 512 -64 ) 
4 310 314 (-128 640 0 ) (-128 1024 0 ) (-128 1024 -64 ) (-128 640 -64 ) 
4 310 313 (-128 512 -64 ) (-128 1024 -64 ) (0 1024 -64 ) (0 512 -64 ) 
4 311 317 (-128 256 0 ) (-128 384 0 ) (-128 384 -64 ) (-128 256 -64 ) 
4 311 313 (-128 256 -64 ) (-128 384 -64 ) (0 384 -64 ) (0 256 -64 ) 
4 312 320 (0 0 -64 ) (0 0 0 ) (-128 0 0 ) (-128 0 -64 ) 
4 312 317 (-128 0 -64 ) (-128 0 0 ) (-128 128 0 ) (-128 128 -64 ) 
4 312 313 (-128 0 -64 ) (-128 128 -64 ) (0 128 -64 ) (0 0 -64 ) 
4 313 320 (0 0 -320 ) (0 0 -64 ) (-128 0 -64 ) (-128 0 -320 ) 
4 313 316 (-128 512 -64 ) (-128 640 -64 ) (-128 640 -320 ) (-128 512 -320 ) 
4 313 314 (-128 640 -64 ) (-128 1024 -64 ) (-128 1024 -320 ) (-128 640 -320 ) 
4 313 317 (-128 0 -320 ) (-128 0 -64 ) (-128 512 -64 ) (-128 512 -320 ) 
4 314 315 (-384 640 1024 ) (-384 640 128 ) (-128 640 128 ) (-128 640 1024 ) 
4 314 316 (-384 640 0 ) (-384 640 -320 ) (-128 640 -320 ) (-128 640 0 ) 
4 314 318 (-384 1024 -320 ) (-384 640 -320 ) (-384 640 1024 ) (-384 1024 1024 ) 
4 315 317 (-384 512 1024 ) (-384 512 128 ) (-128 512 128 ) (-128 512 1024 ) 
4 315 318 (-384 512 128 ) (-384 512 1024 ) (-384 640 1024 ) (-384 640 128 ) 
4 316 318 (-384 640 -320 ) (-384 512 -320 ) (-384 512 0 ) (-384 640 0 ) 
4 316 317 (-384 512 0 ) (-384 512 -320 ) (-128 512 -320 ) (-128 512 0 ) 
4 317 322 (-128 0 -320 ) (-128 0 1024 ) (-384 0 1024 ) (-384 0 -320 ) 
4 317 318 (-384 512 -320 ) (-384 0 -320 ) (-384 0 1024 ) (-384 512 1024 ) 
4 318 322 (-384 0 1024 ) (-960 0 1024 ) (-960 0 -320 ) (-384 0 -320 ) 
4 319 322 (-128 -128 192 ) (-128 -128 1024 ) (-128 0 1024 ) (-128 0 192 ) 
4 319 321 (-128 -128 1024 ) (-128 -128 192 ) (0 -128 192 ) (0 -128 1024 ) 
4 320 322 (-128 0 -320 ) (-128 -128 -320 ) (-128 -128 0 ) (-128 0 0 ) 
4 320 321 (-128 -128 0 ) (-128 -128 -320 ) (0 -128 -320 ) (0 -128 0 ) 
4 321 333 (0 -1024 -320 ) (0 -1024 1024 ) (-128 -1024 1024 ) (-128 -1024 -320 ) 
4 321 322 (-128 -128 -320 ) (-128 -1024 -320 ) (-128 -1024 1024 ) (-128 -128 1024 ) 
4 322 333 (-128 -1024 1024 ) (-960 -1024 1024 ) (-960 -1024 -320 ) (-128 -1024 -320 ) 
4 323 329 (1024 -1152 192 ) (1024 -1280 192 ) (1024 -1280 1024 ) (1024 -1152 1024 ) 
4 323 330 (1024 -1280 192 ) (1024 -1984 192 ) (1024 -1984 1024 ) (1024 -1280 1024 ) 
4 323 327 (1024 -1024 1024 ) (1024 -1024 192 ) (1024 -1152 192 ) (1024 -1152 1024 ) 
4 323 325 (1024 -1984 192 ) (1024 -1280 192 ) (2048 -1280 192 ) (2048 -1984 192 ) 
4 323 324 (1664 -1024 192 ) (2048 -1024 192 ) (2048 -1280 192 ) (1664 -1280 192 ) 
4 324 326 (1664 -1024 128 ) (2048 -1024 128 ) (2048 -1280 128 ) (1664 -1280 128 ) 
4 324 325 (1664 -1280 128 ) (2048 -1280 128 ) (2048 -1280 192 ) (1664 -1280 192 ) 
4 325 330 (1024 -1280 128 ) (1024 -1984 128 ) (1024 -1984 192 ) (1024 -1280 192 ) 
4 325 326 (1024 -1984 128 ) (1024 -1280 128 ) (2048 -1280 128 ) (2048 -1984 128 ) 
4 326 332 (1024 -1024 128 ) (1024 -1024 -320 ) (1024 -1984 -320 ) (1024 -1984 128 ) 
4 327 333 (0 -1024 1024 ) (0 -1024 192 ) (0 -1152 192 ) (0 -1152 1024 ) 
4 327 329 (768 -1152 192 ) (1024 -1152 192 ) (1024 -1152 1024 ) (768 -1152 1024 ) 
4 327 331 (0 -1152 1024 ) (0 -1152 192 ) (768 -1152 192 ) (768 -1152 1024 ) 
4 327 328 (512 -1152 192 ) (0 -1152 192 ) (0 -1024 192 ) (512 -1024 192 ) 
4 328 333 (0 -1024 192 ) (0 -1024 128 ) (0 -1152 128 ) (0 -1152 192 ) 
4 328 332 (0 -1024 128 ) (512 -1024 128 ) (512 -1152 128 ) (0 -1152 128 ) 
4 328 331 (0 -1152 192 ) (0 -1152 128 ) (512 -1152 128 ) (512 -1152 192 ) 
4 329 330 (768 -1280 1024 ) (768 -1280 192 ) (1024 -1280 192 ) (1024 -1280 1024 ) 
4 329 331 (768 -1280 1024 ) (768 -1152 1024 ) (768 -1152 192 ) (768 -1280 192 ) 
4 330 332 (1024 -1280 128 ) (1024 -1984 128 ) (768 -1984 128 ) (768 -1280 128 ) 
4 330 331 (768 -1984 128 ) (768 -1984 1024 ) (768 -1280 1024 ) (768 -1280 128 ) 
4 331 333 (0 -1152 128 ) (0 -1984 128 ) (0 -1984 1024 ) (0 -1152 1024 ) 
4 331 332 (768 -1984 128 ) (0 -1984 128 ) (0 -1152 128 ) (768 -1152 128 ) 
4 332 333 (0 -1024 128 ) (0 -1024 -320 ) (0 -1984 -320 ) (0 -1984 128 ) 
