


materialPath: D:\SteamLibrary\steamapps\common\GarrysMod\garrysmod\materials
Loading D:\Git\VMFs\sc_rimpoint\sc_rimpoint.vmf
fixing up env_cubemap materials on brush sides...
0...1...2...3...4...5...6...7...8...9...100...1...2...3...4...5...6...7...8...9...10Processing areas...done (0)
Building Faces...done (0)
FixTjuncs...
PruneNodes...
WriteBSP...
done (0)
writing D:\Git\VMFs\sc_rimpoint\sc_rimpoint.prt...
Building visibility clusters...
done (0)
Creating default LDR cubemaps for env_cubemap using skybox materials:
   skybox/sky_borealis01*.vmt
 ! Run buildcubemaps in the engine to get the correct cube maps.
*** Error: Skybox vtf files for skybox/sky_borealis01 weren't compiled with the same size texture and/or same flags!
Can't load skybox file skybox/sky_borealis01 to build the default cubemap!
Finding displacement neighbors...
Finding lightmap sample positions...
Displacement Alpha : 0...1...2...3...4...5...6...7...8...9...10
Building Physics collision data...
done (0) (40136 bytes)
Placing detail props : 0...1...2...3...4...5...6...7...8...9...10
Compacting texture/material tables...
Reduced 48 texinfos to 27
Reduced 11 texdatas to 11 (264 bytes to 264)
Writing D:\Git\VMFs\sc_rimpoint\sc_rimpoint.bsp
0 seconds elapsed



8 threads
reading d:\git\vmfs\sc_rimpoint\sc_rimpoint.bsp
reading d:\git\vmfs\sc_rimpoint\sc_rimpoint.prt
 199 portalclusters
 621 numportals
0...1...2...3...4...5...6...7...8...9...100...1...2...3...4...5...6...7...8...9...10Optimized: 84 visible clusters (0.28%)
Total clusters visible: 30439
Average clusters visible: 152
Building PAS...
Average clusters audible: 199
visdatasize:11637  compressed from 12736
writing d:\git\vmfs\sc_rimpoint\sc_rimpoint.bsp
0 seconds elapsed



[Reading texlights from 'lights.rad']
[45 texlights parsed from 'lights.rad']

Loading d:\git\vmfs\sc_rimpoint\sc_rimpoint.bsp
PREP OK
526 faces
408064 square feet [58761216.00 square inches]
0 Displacements
0 Square Feet [0.00 Square Inches]
526 patches before subdivision
19916 patches after subdivision
2 direct lights
0...1...2...3...4...5...6...7...8...9...100...1...2...3...4...5...6...7...8...9...10transfers 522776, max 240
transfer lists:   4.0 megs
0...1...2...3...4...5...6...7...8...9...10	Bounce #1 added RGB(5867, 1808, 286)
0...1...2...3...4...5...6...7...8...9...10	Bounce #2 added RGB(1561, 160, 4)
0...1...2...3...4...5...6...7...8...9...10	Bounce #3 added RGB(530, 20, 0)
0...1...2...3...4...5...6...7...8...9...10	Bounce #4 added RGB(173, 2, 0)
0...1...2...3...4...5...6...7...8...9...10	Bounce #5 added RGB(60, 0, 0)
0...1...2...3...4...5...6...7...8...9...10	Bounce #6 added RGB(21, 0, 0)
0...1...2...3...4...5...6...7...8...9...10	Bounce #7 added RGB(7, 0, 0)
0...1...2...3...4...5...6...7...8...9...10	Bounce #8 added RGB(3, 0, 0)
0...1...2...3...4...5...6...7...8...9...10	Bounce #9 added RGB(1, 0, 0)
Build Patch/Sample Hash Table(s).....Done<0.0031 sec>
0...1...2...3...4...5...6...7...8...9...10FinalLightFace Done
0 of 0 (0% of) surface lights went in leaf ambient cubes.
0...1...2...3...4...5...6...7...8...9...10Writing leaf ambient...done
Ready to Finish

Object names       Objects/Maxobjs  Memory / Maxmem  Fullness 
------------       ---------------  ---------------  -------- 
models                  10/4096          480/196608   ( 0.2%) 
brushes                107/16384        1284/196608   ( 0.7%) 
brushsides             642/163840       5136/1310720  ( 0.4%) 
planes                 152/65536        3040/1310720  ( 0.2%) 
vertexes               784/65536        9408/786432   ( 1.2%) 
nodes                  440/65536       14080/2097152  ( 0.7%) 
texinfos                27/16384        1944/1179648  ( 0.2%) 
texdata                 11/8192          352/262144   ( 0.1%) 
dispinfos                0/0               0/0        ( 0.0%) 
disp_verts               0/0               0/0        ( 0.0%) 
disp_tris                0/0               0/0        ( 0.0%) 
disp_lmsamples           0/0               0/0        ( 0.0%) 
faces                  526/65536       29456/3670016  ( 0.8%) 
hdr faces                0/65536           0/3670016  ( 0.0%) 
origfaces              389/65536       21784/3670016  ( 0.6%) 
leaves                 451/65536       14432/2097152  ( 0.7%) 
leaffaces              620/65536        1240/131072   ( 0.9%) 
leafbrushes            187/65536         374/131072   ( 0.3%) 
areas                    2/1024           16/8192     ( 0.2%) 
surfedges             3918/512000      15672/2048000  ( 0.8%) 
edges                 2238/256000       8952/1024000  ( 0.9%) 
LDR worldlights          2/8192          176/720896   ( 0.0%) 
HDR worldlights          0/8192            0/720896   ( 0.0%) 
leafwaterdata            0/32768           0/393216   ( 0.0%) 
waterstrips             52/32768         520/327680   ( 0.2%) 
waterverts               0/65536           0/786432   ( 0.0%) 
waterindices           702/65536        1404/131072   ( 1.1%) 
cubemapsamples           0/1024            0/16384    ( 0.0%) 
overlays                 0/8192            0/2883584  ( 0.0%) 
LDR lightdata         [variable]      230816/0        ( 0.0%) 
HDR lightdata         [variable]           0/0        ( 0.0%) 
visdata               [variable]       11637/16777216 ( 0.1%) 
entdata               [variable]        5786/393216   ( 1.5%) 
LDR ambient table      451/65536        1804/262144   ( 0.7%) 
HDR ambient table      451/65536        1804/262144   ( 0.7%) 
LDR leaf ambient      1581/65536       44268/1835008  ( 2.4%) 
HDR leaf ambient       451/65536       12628/1835008  ( 0.7%) 
occluders                0/0               0/0        ( 0.0%) 
occluder polygons        0/0               0/0        ( 0.0%) 
occluder vert ind        0/0               0/0        ( 0.0%) 
detail props          [variable]           1/12       ( 8.3%) 
static props          [variable]           1/214      ( 0.5%) 
pakfile               [variable]        8660/0        ( 0.0%) 
physics               [variable]       40136/4194304  ( 1.0%) 
physics terrain       [variable]           2/1048576  ( 0.0%) 

Level flags = 0

Total triangle count: 1310
Writing d:\git\vmfs\sc_rimpoint\sc_rimpoint.bsp
1 second elapsed



materialPath: D:\SteamLibrary\steamapps\common\GarrysMod\garrysmod\materials
Loading d:\git\vmfs\sc_rimpoint\sc_rimpoint.vmf
fixing up env_cubemap materials on brush sides...
0...1...2...3...4...5...6...7...8...9...100...1...2...3...4...5...6...7...8...9...10Processing areas...done (0)
Building Faces...done (0)
FixTjuncs...
PruneNodes...
WriteBSP...
done (0)
writing d:\git\vmfs\sc_rimpoint\sc_rimpoint.prt...
Building visibility clusters...
done (0)
Creating default LDR cubemaps for env_cubemap using skybox materials:
   skybox/sky_borealis01*.vmt
 ! Run buildcubemaps in the engine to get the correct cube maps.
*** Error: Skybox vtf files for skybox/sky_borealis01 weren't compiled with the same size texture and/or same flags!
Can't load skybox file skybox/sky_borealis01 to build the default cubemap!
Finding displacement neighbors...
Finding lightmap sample positions...
Displacement Alpha : 0...1...2...3...4...5...6...7...8...9...10
Building Physics collision data...
done (0) (40136 bytes)
Placing detail props : 0...1...2...3...4...5...6...7...8...9...10
Compacting texture/material tables...
Reduced 48 texinfos to 27
Reduced 11 texdatas to 11 (264 bytes to 264)
Writing d:\git\vmfs\sc_rimpoint\sc_rimpoint.bsp
0 seconds elapsed



8 threads
reading d:\git\vmfs\sc_rimpoint\sc_rimpoint.bsp
reading d:\git\vmfs\sc_rimpoint\sc_rimpoint.prt
 199 portalclusters
 621 numportals
0...1...2...3...4...5...6...7...8...9...100...1...2...3...4...5...6...7...8...9...10Optimized: 83 visible clusters (0.27%)
Total clusters visible: 30438
Average clusters visible: 152
Building PAS...
Average clusters audible: 199
visdatasize:11637  compressed from 12736
writing d:\git\vmfs\sc_rimpoint\sc_rimpoint.bsp
0 seconds elapsed



[Reading texlights from 'lights.rad']
[45 texlights parsed from 'lights.rad']

Loading d:\git\vmfs\sc_rimpoint\sc_rimpoint.bsp
PREP OK
526 faces
408064 square feet [58761216.00 square inches]
0 Displacements
0 Square Feet [0.00 Square Inches]
526 patches before subdivision
19916 patches after subdivision
2 direct lights
0...1...2...3...4...5...6...7...8...9...100...1...2...3...4...5...6...7...8...9...10transfers 522755, max 240
transfer lists:   4.0 megs
0...1...2...3...4...5...6...7...8...9...10	Bounce #1 added RGB(4762, 1473, 273)
0...1...2...3...4...5...6...7...8...9...10	Bounce #2 added RGB(1359, 142, 4)
0...1...2...3...4...5...6...7...8...9...10	Bounce #3 added RGB(450, 17, 0)
0...1...2...3...4...5...6...7...8...9...10	Bounce #4 added RGB(149, 2, 0)
0...1...2...3...4...5...6...7...8...9...10	Bounce #5 added RGB(51, 0, 0)
0...1...2...3...4...5...6...7...8...9...10	Bounce #6 added RGB(18, 0, 0)
0...1...2...3...4...5...6...7...8...9...10	Bounce #7 added RGB(6, 0, 0)
0...1...2...3...4...5...6...7...8...9...10	Bounce #8 added RGB(2, 0, 0)
0...1...2...3...4...5...6...7...8...9...10	Bounce #9 added RGB(1, 0, 0)
Build Patch/Sample Hash Table(s).....Done<0.0026 sec>
0...1...2...3...4...5...6...7...8...9...10FinalLightFace Done
0 of 0 (0% of) surface lights went in leaf ambient cubes.
0...1...2...3...4...5...6...7...8...9...10Writing leaf ambient...done
Ready to Finish

Object names       Objects/Maxobjs  Memory / Maxmem  Fullness 
------------       ---------------  ---------------  -------- 
models                  10/4096          480/196608   ( 0.2%) 
brushes                107/16384        1284/196608   ( 0.7%) 
brushsides             642/163840       5136/1310720  ( 0.4%) 
planes                 152/65536        3040/1310720  ( 0.2%) 
vertexes               784/65536        9408/786432   ( 1.2%) 
nodes                  440/65536       14080/2097152  ( 0.7%) 
texinfos                27/16384        1944/1179648  ( 0.2%) 
texdata                 11/8192          352/262144   ( 0.1%) 
dispinfos                0/0               0/0        ( 0.0%) 
disp_verts               0/0               0/0        ( 0.0%) 
disp_tris                0/0               0/0        ( 0.0%) 
disp_lmsamples           0/0               0/0        ( 0.0%) 
faces                  526/65536       29456/3670016  ( 0.8%) 
hdr faces                0/65536           0/3670016  ( 0.0%) 
origfaces              389/65536       21784/3670016  ( 0.6%) 
leaves                 451/65536       14432/2097152  ( 0.7%) 
leaffaces              620/65536        1240/131072   ( 0.9%) 
leafbrushes            187/65536         374/131072   ( 0.3%) 
areas                    2/1024           16/8192     ( 0.2%) 
surfedges             3918/512000      15672/2048000  ( 0.8%) 
edges                 2238/256000       8952/1024000  ( 0.9%) 
LDR worldlights          2/8192          176/720896   ( 0.0%) 
HDR worldlights          0/8192            0/720896   ( 0.0%) 
leafwaterdata            0/32768           0/393216   ( 0.0%) 
waterstrips             52/32768         520/327680   ( 0.2%) 
waterverts               0/65536           0/786432   ( 0.0%) 
waterindices           702/65536        1404/131072   ( 1.1%) 
cubemapsamples           0/1024            0/16384    ( 0.0%) 
overlays                 0/8192            0/2883584  ( 0.0%) 
LDR lightdata         [variable]      230816/0        ( 0.0%) 
HDR lightdata         [variable]           0/0        ( 0.0%) 
visdata               [variable]       11637/16777216 ( 0.1%) 
entdata               [variable]        5791/393216   ( 1.5%) 
LDR ambient table      451/65536        1804/262144   ( 0.7%) 
HDR ambient table      451/65536        1804/262144   ( 0.7%) 
LDR leaf ambient      1613/65536       45164/1835008  ( 2.5%) 
HDR leaf ambient       451/65536       12628/1835008  ( 0.7%) 
occluders                0/0               0/0        ( 0.0%) 
occluder polygons        0/0               0/0        ( 0.0%) 
occluder vert ind        0/0               0/0        ( 0.0%) 
detail props          [variable]           1/12       ( 8.3%) 
static props          [variable]           1/214      ( 0.5%) 
pakfile               [variable]        8660/0        ( 0.0%) 
physics               [variable]       40136/4194304  ( 1.0%) 
physics terrain       [variable]           2/1048576  ( 0.0%) 

Level flags = 0

Total triangle count: 1310
Writing d:\git\vmfs\sc_rimpoint\sc_rimpoint.bsp
1 second elapsed
